This file contains any messages produced by compilers while
running configure, to aid debugging if configure makes a mistake.

It was created by TinyMUX configure 2.10, which was
generated by GNU Autoconf 2.69.  Invocation command line was

  $ ./configure --enable-realitylvls

## --------- ##
## Platform. ##
## --------- ##

hostname = ThinkCentre
uname -m = x86_64
uname -r = 4.9.0-5-amd64
uname -s = Linux
uname -v = #1 SMP Debian 4.9.65-3+deb9u2 (2018-01-04)

/usr/bin/uname -p = unknown
/bin/uname -X     = unknown

/bin/arch              = unknown
/usr/bin/arch -k       = unknown
/usr/convex/getsysinfo = unknown
/usr/bin/hostinfo      = unknown
/bin/machine           = unknown
/usr/bin/oslevel       = unknown
/bin/universe          = unknown

PATH: /usr/local/bin
PATH: /usr/bin
PATH: /bin
PATH: /usr/local/games
PATH: /usr/games
PATH: /home/kerapis/Scripts
PATH: /home/kerapis/Mining
PATH: /usr/local/inferno/Linux/386/bin
PATH: /media/HDD2/Plan9/scripts
PATH: /usr/local/plan9/bin


## ----------- ##
## Core tests. ##
## ----------- ##

configure:2597: checking whether to enable Reality Levels
configure:2610: result: yes
configure:2626: checking whether to enable WOD Realms
configure:2642: result: no
configure:2649: checking whether to enable Memory-Based Database
configure:2665: result: no
configure:2672: checking whether to enable Stub Slave
configure:2689: result: no
configure:2697: checking whether to enable Firan MUX
configure:2714: result: no
configure:2722: checking whether to enable inline MySQL
configure:2739: result: no
configure:2747: checking whether to perform expensive self-checking
configure:2763: result: no
configure:2770: checking for location of SQL header files
configure:2794: result: none
configure:2817: checking for location of SQL library files
configure:2841: result: none
configure:2864: checking whether to enable SSL support
configure:2881: result: no
configure:2889: checking whether to enable deprecated features
configure:2905: result: no
configure:2972: checking for g++
configure:2988: found /usr/bin/g++
configure:2999: result: g++
configure:3026: checking for C++ compiler version
configure:3035: g++ --version >&5
g++ (Debian 6.3.0-18) 6.3.0 20170516
Copyright (C) 2016 Free Software Foundation, Inc.
This is free software; see the source for copying conditions.  There is NO
warranty; not even for MERCHANTABILITY or FITNESS FOR A PARTICULAR PURPOSE.

configure:3046: $? = 0
configure:3035: g++ -v >&5
Using built-in specs.
COLLECT_GCC=g++
COLLECT_LTO_WRAPPER=/usr/lib/gcc/x86_64-linux-gnu/6/lto-wrapper
Target: x86_64-linux-gnu
Configured with: ../src/configure -v --with-pkgversion='Debian 6.3.0-18' --with-bugurl=file:///usr/share/doc/gcc-6/README.Bugs --enable-languages=c,ada,c++,java,go,d,fortran,objc,obj-c++ --prefix=/usr --program-suffix=-6 --program-prefix=x86_64-linux-gnu- --enable-shared --enable-linker-build-id --libexecdir=/usr/lib --without-included-gettext --enable-threads=posix --libdir=/usr/lib --enable-nls --with-sysroot=/ --enable-clocale=gnu --enable-libstdcxx-debug --enable-libstdcxx-time=yes --with-default-libstdcxx-abi=new --enable-gnu-unique-object --disable-vtable-verify --enable-libmpx --enable-plugin --enable-default-pie --with-system-zlib --disable-browser-plugin --enable-java-awt=gtk --enable-gtk-cairo --with-java-home=/usr/lib/jvm/java-1.5.0-gcj-6-amd64/jre --enable-java-home --with-jvm-root-dir=/usr/lib/jvm/java-1.5.0-gcj-6-amd64 --with-jvm-jar-dir=/usr/lib/jvm-exports/java-1.5.0-gcj-6-amd64 --with-arch-directory=amd64 --with-ecj-jar=/usr/share/java/eclipse-ecj.jar --with-target-system-zlib --enable-objc-gc=auto --enable-multiarch --with-arch-32=i686 --with-abi=m64 --with-multilib-list=m32,m64,mx32 --enable-multilib --with-tune=generic --enable-checking=release --build=x86_64-linux-gnu --host=x86_64-linux-gnu --target=x86_64-linux-gnu
Thread model: posix
gcc version 6.3.0 20170516 (Debian 6.3.0-18) 
configure:3046: $? = 0
configure:3035: g++ -V >&5
g++: error: unrecognized command line option '-V'
g++: fatal error: no input files
compilation terminated.
configure:3046: $? = 1
configure:3035: g++ -qversion >&5
g++: error: unrecognized command line option '-qversion'; did you mean '--version'?
g++: fatal error: no input files
compilation terminated.
configure:3046: $? = 1
configure:3066: checking whether the C++ compiler works
configure:3088: g++    conftest.cpp -lstdc++ >&5
configure:3092: $? = 0
configure:3140: result: yes
configure:3143: checking for C++ compiler default output file name
configure:3145: result: a.out
configure:3151: checking for suffix of executables
configure:3158: g++ -o conftest    conftest.cpp -lstdc++ >&5
configure:3162: $? = 0
configure:3184: result: 
configure:3206: checking whether we are cross compiling
configure:3214: g++ -o conftest    conftest.cpp -lstdc++ >&5
configure:3218: $? = 0
configure:3225: ./conftest
configure:3229: $? = 0
configure:3244: result: no
configure:3249: checking for suffix of object files
configure:3271: g++ -c   conftest.cpp >&5
configure:3275: $? = 0
configure:3296: result: o
configure:3300: checking whether we are using the GNU C++ compiler
configure:3319: g++ -c   conftest.cpp >&5
configure:3319: $? = 0
configure:3328: result: yes
configure:3337: checking whether g++ accepts -g
configure:3357: g++ -c -g  conftest.cpp >&5
configure:3357: $? = 0
configure:3398: result: yes
configure:3426: checking how to run the C++ preprocessor
configure:3453: g++ -E  conftest.cpp
configure:3453: $? = 0
configure:3467: g++ -E  conftest.cpp
conftest.cpp:9:28: fatal error: ac_nonexistent.h: No such file or directory
 #include <ac_nonexistent.h>
                            ^
compilation terminated.
configure:3467: $? = 1
configure: failed program was:
| /* confdefs.h */
| #define PACKAGE_NAME "TinyMUX"
| #define PACKAGE_TARNAME "tinymux"
| #define PACKAGE_VERSION "2.10"
| #define PACKAGE_STRING "TinyMUX 2.10"
| #define PACKAGE_BUGREPORT "tinymux@googlegroups.com"
| #define PACKAGE_URL ""
| /* end confdefs.h.  */
| #include <ac_nonexistent.h>
configure:3492: result: g++ -E
configure:3512: g++ -E  conftest.cpp
configure:3512: $? = 0
configure:3526: g++ -E  conftest.cpp
conftest.cpp:9:28: fatal error: ac_nonexistent.h: No such file or directory
 #include <ac_nonexistent.h>
                            ^
compilation terminated.
configure:3526: $? = 1
configure: failed program was:
| /* confdefs.h */
| #define PACKAGE_NAME "TinyMUX"
| #define PACKAGE_TARNAME "tinymux"
| #define PACKAGE_VERSION "2.10"
| #define PACKAGE_STRING "TinyMUX 2.10"
| #define PACKAGE_BUGREPORT "tinymux@googlegroups.com"
| #define PACKAGE_URL ""
| /* end confdefs.h.  */
| #include <ac_nonexistent.h>
configure:3602: checking for gcc
configure:3618: found /usr/bin/gcc
configure:3629: result: gcc
configure:3858: checking for C compiler version
configure:3867: gcc --version >&5
gcc (Debian 6.3.0-18) 6.3.0 20170516
Copyright (C) 2016 Free Software Foundation, Inc.
This is free software; see the source for copying conditions.  There is NO
warranty; not even for MERCHANTABILITY or FITNESS FOR A PARTICULAR PURPOSE.

configure:3878: $? = 0
configure:3867: gcc -v >&5
Using built-in specs.
COLLECT_GCC=gcc
COLLECT_LTO_WRAPPER=/usr/lib/gcc/x86_64-linux-gnu/6/lto-wrapper
Target: x86_64-linux-gnu
Configured with: ../src/configure -v --with-pkgversion='Debian 6.3.0-18' --with-bugurl=file:///usr/share/doc/gcc-6/README.Bugs --enable-languages=c,ada,c++,java,go,d,fortran,objc,obj-c++ --prefix=/usr --program-suffix=-6 --program-prefix=x86_64-linux-gnu- --enable-shared --enable-linker-build-id --libexecdir=/usr/lib --without-included-gettext --enable-threads=posix --libdir=/usr/lib --enable-nls --with-sysroot=/ --enable-clocale=gnu --enable-libstdcxx-debug --enable-libstdcxx-time=yes --with-default-libstdcxx-abi=new --enable-gnu-unique-object --disable-vtable-verify --enable-libmpx --enable-plugin --enable-default-pie --with-system-zlib --disable-browser-plugin --enable-java-awt=gtk --enable-gtk-cairo --with-java-home=/usr/lib/jvm/java-1.5.0-gcj-6-amd64/jre --enable-java-home --with-jvm-root-dir=/usr/lib/jvm/java-1.5.0-gcj-6-amd64 --with-jvm-jar-dir=/usr/lib/jvm-exports/java-1.5.0-gcj-6-amd64 --with-arch-directory=amd64 --with-ecj-jar=/usr/share/java/eclipse-ecj.jar --with-target-system-zlib --enable-objc-gc=auto --enable-multiarch --with-arch-32=i686 --with-abi=m64 --with-multilib-list=m32,m64,mx32 --enable-multilib --with-tune=generic --enable-checking=release --build=x86_64-linux-gnu --host=x86_64-linux-gnu --target=x86_64-linux-gnu
Thread model: posix
gcc version 6.3.0 20170516 (Debian 6.3.0-18) 
configure:3878: $? = 0
configure:3867: gcc -V >&5
gcc: error: unrecognized command line option '-V'
gcc: fatal error: no input files
compilation terminated.
configure:3878: $? = 1
configure:3867: gcc -qversion >&5
gcc: error: unrecognized command line option '-qversion'; did you mean '--version'?
gcc: fatal error: no input files
compilation terminated.
configure:3878: $? = 1
configure:3882: checking whether we are using the GNU C compiler
configure:3901: gcc -c   conftest.c >&5
configure:3901: $? = 0
configure:3910: result: yes
configure:3919: checking whether gcc accepts -g
configure:3939: gcc -c -g  conftest.c >&5
configure:3939: $? = 0
configure:3980: result: yes
configure:3997: checking for gcc option to accept ISO C89
configure:4060: gcc  -c -g -O2  conftest.c >&5
configure:4060: $? = 0
configure:4073: result: none needed
configure:4098: checking how to run the C preprocessor
configure:4129: gcc -E  conftest.c
configure:4129: $? = 0
configure:4143: gcc -E  conftest.c
conftest.c:9:28: fatal error: ac_nonexistent.h: No such file or directory
 #include <ac_nonexistent.h>
                            ^
compilation terminated.
configure:4143: $? = 1
configure: failed program was:
| /* confdefs.h */
| #define PACKAGE_NAME "TinyMUX"
| #define PACKAGE_TARNAME "tinymux"
| #define PACKAGE_VERSION "2.10"
| #define PACKAGE_STRING "TinyMUX 2.10"
| #define PACKAGE_BUGREPORT "tinymux@googlegroups.com"
| #define PACKAGE_URL ""
| /* end confdefs.h.  */
| #include <ac_nonexistent.h>
configure:4168: result: gcc -E
configure:4188: gcc -E  conftest.c
configure:4188: $? = 0
configure:4202: gcc -E  conftest.c
conftest.c:9:28: fatal error: ac_nonexistent.h: No such file or directory
 #include <ac_nonexistent.h>
                            ^
compilation terminated.
configure:4202: $? = 1
configure: failed program was:
| /* confdefs.h */
| #define PACKAGE_NAME "TinyMUX"
| #define PACKAGE_TARNAME "tinymux"
| #define PACKAGE_VERSION "2.10"
| #define PACKAGE_STRING "TinyMUX 2.10"
| #define PACKAGE_BUGREPORT "tinymux@googlegroups.com"
| #define PACKAGE_URL ""
| /* end confdefs.h.  */
| #include <ac_nonexistent.h>
configure:4263: checking build system type
configure:4277: result: x86_64-pc-linux-gnu
configure:4297: checking host system type
configure:4310: result: x86_64-pc-linux-gnu
configure:4332: checking for grep that handles long lines and -e
configure:4390: result: /bin/grep
configure:4395: checking for egrep
configure:4457: result: /bin/grep -E
configure:4462: checking for ANSI C header files
configure:4482: gcc -c -g -O2  conftest.c >&5
configure:4482: $? = 0
configure:4555: gcc -o conftest -g -O2   conftest.c -lstdc++ >&5
configure:4555: $? = 0
configure:4555: ./conftest
configure:4555: $? = 0
configure:4566: result: yes
configure:4579: checking for sys/types.h
configure:4579: gcc -c -g -O2  conftest.c >&5
configure:4579: $? = 0
configure:4579: result: yes
configure:4579: checking for sys/stat.h
configure:4579: gcc -c -g -O2  conftest.c >&5
configure:4579: $? = 0
configure:4579: result: yes
configure:4579: checking for stdlib.h
configure:4579: gcc -c -g -O2  conftest.c >&5
configure:4579: $? = 0
configure:4579: result: yes
configure:4579: checking for string.h
configure:4579: gcc -c -g -O2  conftest.c >&5
configure:4579: $? = 0
configure:4579: result: yes
configure:4579: checking for memory.h
configure:4579: gcc -c -g -O2  conftest.c >&5
configure:4579: $? = 0
configure:4579: result: yes
configure:4579: checking for strings.h
configure:4579: gcc -c -g -O2  conftest.c >&5
configure:4579: $? = 0
configure:4579: result: yes
configure:4579: checking for inttypes.h
configure:4579: gcc -c -g -O2  conftest.c >&5
configure:4579: $? = 0
configure:4579: result: yes
configure:4579: checking for stdint.h
configure:4579: gcc -c -g -O2  conftest.c >&5
configure:4579: $? = 0
configure:4579: result: yes
configure:4579: checking for unistd.h
configure:4579: gcc -c -g -O2  conftest.c >&5
configure:4579: $? = 0
configure:4579: result: yes
configure:4592: checking minix/config.h usability
configure:4592: gcc -c -g -O2  conftest.c >&5
conftest.c:52:26: fatal error: minix/config.h: No such file or directory
 #include <minix/config.h>
                          ^
compilation terminated.
configure:4592: $? = 1
configure: failed program was:
| /* confdefs.h */
| #define PACKAGE_NAME "TinyMUX"
| #define PACKAGE_TARNAME "tinymux"
| #define PACKAGE_VERSION "2.10"
| #define PACKAGE_STRING "TinyMUX 2.10"
| #define PACKAGE_BUGREPORT "tinymux@googlegroups.com"
| #define PACKAGE_URL ""
| #define STDC_HEADERS 1
| #define HAVE_SYS_TYPES_H 1
| #define HAVE_SYS_STAT_H 1
| #define HAVE_STDLIB_H 1
| #define HAVE_STRING_H 1
| #define HAVE_MEMORY_H 1
| #define HAVE_STRINGS_H 1
| #define HAVE_INTTYPES_H 1
| #define HAVE_STDINT_H 1
| #define HAVE_UNISTD_H 1
| /* end confdefs.h.  */
| #include <stdio.h>
| #ifdef HAVE_SYS_TYPES_H
| # include <sys/types.h>
| #endif
| #ifdef HAVE_SYS_STAT_H
| # include <sys/stat.h>
| #endif
| #ifdef STDC_HEADERS
| # include <stdlib.h>
| # include <stddef.h>
| #else
| # ifdef HAVE_STDLIB_H
| #  include <stdlib.h>
| # endif
| #endif
| #ifdef HAVE_STRING_H
| # if !defined STDC_HEADERS && defined HAVE_MEMORY_H
| #  include <memory.h>
| # endif
| # include <string.h>
| #endif
| #ifdef HAVE_STRINGS_H
| # include <strings.h>
| #endif
| #ifdef HAVE_INTTYPES_H
| # include <inttypes.h>
| #endif
| #ifdef HAVE_STDINT_H
| # include <stdint.h>
| #endif
| #ifdef HAVE_UNISTD_H
| # include <unistd.h>
| #endif
| #include <minix/config.h>
configure:4592: result: no
configure:4592: checking minix/config.h presence
configure:4592: gcc -E  conftest.c
conftest.c:19:26: fatal error: minix/config.h: No such file or directory
 #include <minix/config.h>
                          ^
compilation terminated.
configure:4592: $? = 1
configure: failed program was:
| /* confdefs.h */
| #define PACKAGE_NAME "TinyMUX"
| #define PACKAGE_TARNAME "tinymux"
| #define PACKAGE_VERSION "2.10"
| #define PACKAGE_STRING "TinyMUX 2.10"
| #define PACKAGE_BUGREPORT "tinymux@googlegroups.com"
| #define PACKAGE_URL ""
| #define STDC_HEADERS 1
| #define HAVE_SYS_TYPES_H 1
| #define HAVE_SYS_STAT_H 1
| #define HAVE_STDLIB_H 1
| #define HAVE_STRING_H 1
| #define HAVE_MEMORY_H 1
| #define HAVE_STRINGS_H 1
| #define HAVE_INTTYPES_H 1
| #define HAVE_STDINT_H 1
| #define HAVE_UNISTD_H 1
| /* end confdefs.h.  */
| #include <minix/config.h>
configure:4592: result: no
configure:4592: checking for minix/config.h
configure:4592: result: no
configure:4613: checking whether it is safe to define __EXTENSIONS__
configure:4631: gcc -c -g -O2  conftest.c >&5
configure:4631: $? = 0
configure:4638: result: yes
configure:4657: checking for library containing strerror
configure:4688: gcc -o conftest -g -O2   conftest.c -lstdc++ >&5
configure:4688: $? = 0
configure:4705: result: none required
configure:4713: checking for library containing crypt
configure:4744: gcc -o conftest -g -O2   conftest.c -lstdc++ >&5
/tmp/cckMzYgM.o: In function `main':
/home/kerapis/MUDs/kult/src/conftest.c:35: undefined reference to `crypt'
collect2: error: ld returned 1 exit status
configure:4744: $? = 1
configure: failed program was:
| /* confdefs.h */
| #define PACKAGE_NAME "TinyMUX"
| #define PACKAGE_TARNAME "tinymux"
| #define PACKAGE_VERSION "2.10"
| #define PACKAGE_STRING "TinyMUX 2.10"
| #define PACKAGE_BUGREPORT "tinymux@googlegroups.com"
| #define PACKAGE_URL ""
| #define STDC_HEADERS 1
| #define HAVE_SYS_TYPES_H 1
| #define HAVE_SYS_STAT_H 1
| #define HAVE_STDLIB_H 1
| #define HAVE_STRING_H 1
| #define HAVE_MEMORY_H 1
| #define HAVE_STRINGS_H 1
| #define HAVE_INTTYPES_H 1
| #define HAVE_STDINT_H 1
| #define HAVE_UNISTD_H 1
| #define __EXTENSIONS__ 1
| #define _ALL_SOURCE 1
| #define _GNU_SOURCE 1
| #define _POSIX_PTHREAD_SEMANTICS 1
| #define _TANDEM_SOURCE 1
| /* end confdefs.h.  */
| 
| /* Override any GCC internal prototype to avoid an error.
|    Use char because int might match the return type of a GCC
|    builtin and then its argument prototype would still apply.  */
| #ifdef __cplusplus
| extern "C"
| #endif
| char crypt ();
| int
| main ()
| {
| return crypt ();
|   ;
|   return 0;
| }
configure:4744: gcc -o conftest -g -O2   conftest.c -lcrypt  -lstdc++ >&5
configure:4744: $? = 0
configure:4761: result: -lcrypt
configure:4769: checking for library containing socket
configure:4800: gcc -o conftest -g -O2   conftest.c -lcrypt -lstdc++ >&5
configure:4800: $? = 0
configure:4817: result: none required
configure:4825: checking for library containing gethostbyname
configure:4856: gcc -o conftest -g -O2   conftest.c -lcrypt -lstdc++ >&5
configure:4856: $? = 0
configure:4873: result: none required
configure:4881: checking for library containing inet_addr
configure:4912: gcc -o conftest -g -O2   conftest.c -lcrypt -lstdc++ >&5
configure:4912: $? = 0
configure:4929: result: none required
configure:4937: checking for library containing sqrt
configure:4968: gcc -o conftest -g -O2   conftest.c -lcrypt -lstdc++ >&5
conftest.c:31:6: warning: conflicting types for built-in function 'sqrt'
 char sqrt ();
      ^~~~
/usr/bin/ld: /tmp/cchIwJ7g.o: undefined reference to symbol 'sqrt@@GLIBC_2.2.5'
//lib/x86_64-linux-gnu/libm.so.6: error adding symbols: DSO missing from command line
collect2: error: ld returned 1 exit status
configure:4968: $? = 1
configure: failed program was:
| /* confdefs.h */
| #define PACKAGE_NAME "TinyMUX"
| #define PACKAGE_TARNAME "tinymux"
| #define PACKAGE_VERSION "2.10"
| #define PACKAGE_STRING "TinyMUX 2.10"
| #define PACKAGE_BUGREPORT "tinymux@googlegroups.com"
| #define PACKAGE_URL ""
| #define STDC_HEADERS 1
| #define HAVE_SYS_TYPES_H 1
| #define HAVE_SYS_STAT_H 1
| #define HAVE_STDLIB_H 1
| #define HAVE_STRING_H 1
| #define HAVE_MEMORY_H 1
| #define HAVE_STRINGS_H 1
| #define HAVE_INTTYPES_H 1
| #define HAVE_STDINT_H 1
| #define HAVE_UNISTD_H 1
| #define __EXTENSIONS__ 1
| #define _ALL_SOURCE 1
| #define _GNU_SOURCE 1
| #define _POSIX_PTHREAD_SEMANTICS 1
| #define _TANDEM_SOURCE 1
| /* end confdefs.h.  */
| 
| /* Override any GCC internal prototype to avoid an error.
|    Use char because int might match the return type of a GCC
|    builtin and then its argument prototype would still apply.  */
| #ifdef __cplusplus
| extern "C"
| #endif
| char sqrt ();
| int
| main ()
| {
| return sqrt ();
|   ;
|   return 0;
| }
configure:4968: gcc -o conftest -g -O2   conftest.c -lm  -lcrypt -lstdc++ >&5
conftest.c:31:6: warning: conflicting types for built-in function 'sqrt'
 char sqrt ();
      ^~~~
configure:4968: $? = 0
configure:4985: result: -lm
configure:4994: checking for dlopen
configure:4997: checking for library containing dlopen
configure:5028: gcc -o conftest -g -O2   conftest.c -lm -lcrypt -lstdc++ >&5
/tmp/ccFP4MjH.o: In function `main':
/home/kerapis/MUDs/kult/src/conftest.c:35: undefined reference to `dlopen'
collect2: error: ld returned 1 exit status
configure:5028: $? = 1
configure: failed program was:
| /* confdefs.h */
| #define PACKAGE_NAME "TinyMUX"
| #define PACKAGE_TARNAME "tinymux"
| #define PACKAGE_VERSION "2.10"
| #define PACKAGE_STRING "TinyMUX 2.10"
| #define PACKAGE_BUGREPORT "tinymux@googlegroups.com"
| #define PACKAGE_URL ""
| #define STDC_HEADERS 1
| #define HAVE_SYS_TYPES_H 1
| #define HAVE_SYS_STAT_H 1
| #define HAVE_STDLIB_H 1
| #define HAVE_STRING_H 1
| #define HAVE_MEMORY_H 1
| #define HAVE_STRINGS_H 1
| #define HAVE_INTTYPES_H 1
| #define HAVE_STDINT_H 1
| #define HAVE_UNISTD_H 1
| #define __EXTENSIONS__ 1
| #define _ALL_SOURCE 1
| #define _GNU_SOURCE 1
| #define _POSIX_PTHREAD_SEMANTICS 1
| #define _TANDEM_SOURCE 1
| /* end confdefs.h.  */
| 
| /* Override any GCC internal prototype to avoid an error.
|    Use char because int might match the return type of a GCC
|    builtin and then its argument prototype would still apply.  */
| #ifdef __cplusplus
| extern "C"
| #endif
| char dlopen ();
| int
| main ()
| {
| return dlopen ();
|   ;
|   return 0;
| }
configure:5028: gcc -o conftest -g -O2   conftest.c -ldl  -lm -lcrypt -lstdc++ >&5
configure:5028: $? = 0
configure:5045: result: -ldl
configure:5075: gcc -o conftest -g -O2   conftest.c -ldl -lm -lcrypt -lstdc++ >&5
configure:5075: $? = 0
configure:5111: checking for dirent.h that defines DIR
configure:5130: gcc -c -g -O2  conftest.c >&5
configure:5130: $? = 0
configure:5138: result: yes
configure:5151: checking for library containing opendir
configure:5182: gcc -o conftest -g -O2   conftest.c -lm -lcrypt -lstdc++ >&5
configure:5182: $? = 0
configure:5199: result: none required
configure:5266: checking for ANSI C header files
configure:5370: result: yes
configure:5378: checking whether time.h and sys/time.h may both be included
configure:5398: gcc -c -g -O2  conftest.c >&5
configure:5398: $? = 0
configure:5405: result: yes
configure:5413: checking for sys/wait.h that is POSIX.1 compatible
configure:5439: gcc -c -g -O2  conftest.c >&5
configure:5439: $? = 0
configure:5446: result: yes
configure:5457: checking for unistd.h
configure:5457: result: yes
configure:5457: checking stddef.h usability
configure:5457: gcc -c -g -O2  conftest.c >&5
configure:5457: $? = 0
configure:5457: result: yes
configure:5457: checking stddef.h presence
configure:5457: gcc -E  conftest.c
configure:5457: $? = 0
configure:5457: result: yes
configure:5457: checking for stddef.h
configure:5457: result: yes
configure:5457: checking for memory.h
configure:5457: result: yes
configure:5457: checking for string.h
configure:5457: result: yes
configure:5457: checking errno.h usability
configure:5457: gcc -c -g -O2  conftest.c >&5
configure:5457: $? = 0
configure:5457: result: yes
configure:5457: checking errno.h presence
configure:5457: gcc -E  conftest.c
configure:5457: $? = 0
configure:5457: result: yes
configure:5457: checking for errno.h
configure:5457: result: yes
configure:5457: checking malloc.h usability
configure:5457: gcc -c -g -O2  conftest.c >&5
configure:5457: $? = 0
configure:5457: result: yes
configure:5457: checking malloc.h presence
configure:5457: gcc -E  conftest.c
configure:5457: $? = 0
configure:5457: result: yes
configure:5457: checking for malloc.h
configure:5457: result: yes
configure:5457: checking sys/select.h usability
configure:5457: gcc -c -g -O2  conftest.c >&5
configure:5457: $? = 0
configure:5457: result: yes
configure:5457: checking sys/select.h presence
configure:5457: gcc -E  conftest.c
configure:5457: $? = 0
configure:5457: result: yes
configure:5457: checking for sys/select.h
configure:5457: result: yes
configure:5457: checking sys/epoll.h usability
configure:5457: gcc -c -g -O2  conftest.c >&5
configure:5457: $? = 0
configure:5457: result: yes
configure:5457: checking sys/epoll.h presence
configure:5457: gcc -E  conftest.c
configure:5457: $? = 0
configure:5457: result: yes
configure:5457: checking for sys/epoll.h
configure:5457: result: yes
configure:5457: checking sys/event.h usability
configure:5457: gcc -c -g -O2  conftest.c >&5
conftest.c:70:23: fatal error: sys/event.h: No such file or directory
 #include <sys/event.h>
                       ^
compilation terminated.
configure:5457: $? = 1
configure: failed program was:
| /* confdefs.h */
| #define PACKAGE_NAME "TinyMUX"
| #define PACKAGE_TARNAME "tinymux"
| #define PACKAGE_VERSION "2.10"
| #define PACKAGE_STRING "TinyMUX 2.10"
| #define PACKAGE_BUGREPORT "tinymux@googlegroups.com"
| #define PACKAGE_URL ""
| #define STDC_HEADERS 1
| #define HAVE_SYS_TYPES_H 1
| #define HAVE_SYS_STAT_H 1
| #define HAVE_STDLIB_H 1
| #define HAVE_STRING_H 1
| #define HAVE_MEMORY_H 1
| #define HAVE_STRINGS_H 1
| #define HAVE_INTTYPES_H 1
| #define HAVE_STDINT_H 1
| #define HAVE_UNISTD_H 1
| #define __EXTENSIONS__ 1
| #define _ALL_SOURCE 1
| #define _GNU_SOURCE 1
| #define _POSIX_PTHREAD_SEMANTICS 1
| #define _TANDEM_SOURCE 1
| #define HAVE_DLOPEN /**/
| #define HAVE_DIRENT_H 1
| #define STDC_HEADERS 1
| #define TIME_WITH_SYS_TIME 1
| #define HAVE_SYS_WAIT_H 1
| #define HAVE_UNISTD_H 1
| #define HAVE_STDDEF_H 1
| #define HAVE_MEMORY_H 1
| #define HAVE_STRING_H 1
| #define HAVE_ERRNO_H 1
| #define HAVE_MALLOC_H 1
| #define HAVE_SYS_SELECT_H 1
| #define HAVE_SYS_EPOLL_H 1
| /* end confdefs.h.  */
| #include <stdio.h>
| #ifdef HAVE_SYS_TYPES_H
| # include <sys/types.h>
| #endif
| #ifdef HAVE_SYS_STAT_H
| # include <sys/stat.h>
| #endif
| #ifdef STDC_HEADERS
| # include <stdlib.h>
| # include <stddef.h>
| #else
| # ifdef HAVE_STDLIB_H
| #  include <stdlib.h>
| # endif
| #endif
| #ifdef HAVE_STRING_H
| # if !defined STDC_HEADERS && defined HAVE_MEMORY_H
| #  include <memory.h>
| # endif
| # include <string.h>
| #endif
| #ifdef HAVE_STRINGS_H
| # include <strings.h>
| #endif
| #ifdef HAVE_INTTYPES_H
| # include <inttypes.h>
| #endif
| #ifdef HAVE_STDINT_H
| # include <stdint.h>
| #endif
| #ifdef HAVE_UNISTD_H
| # include <unistd.h>
| #endif
| #include <sys/event.h>
configure:5457: result: no
configure:5457: checking sys/event.h presence
configure:5457: gcc -E  conftest.c
conftest.c:37:23: fatal error: sys/event.h: No such file or directory
 #include <sys/event.h>
                       ^
compilation terminated.
configure:5457: $? = 1
configure: failed program was:
| /* confdefs.h */
| #define PACKAGE_NAME "TinyMUX"
| #define PACKAGE_TARNAME "tinymux"
| #define PACKAGE_VERSION "2.10"
| #define PACKAGE_STRING "TinyMUX 2.10"
| #define PACKAGE_BUGREPORT "tinymux@googlegroups.com"
| #define PACKAGE_URL ""
| #define STDC_HEADERS 1
| #define HAVE_SYS_TYPES_H 1
| #define HAVE_SYS_STAT_H 1
| #define HAVE_STDLIB_H 1
| #define HAVE_STRING_H 1
| #define HAVE_MEMORY_H 1
| #define HAVE_STRINGS_H 1
| #define HAVE_INTTYPES_H 1
| #define HAVE_STDINT_H 1
| #define HAVE_UNISTD_H 1
| #define __EXTENSIONS__ 1
| #define _ALL_SOURCE 1
| #define _GNU_SOURCE 1
| #define _POSIX_PTHREAD_SEMANTICS 1
| #define _TANDEM_SOURCE 1
| #define HAVE_DLOPEN /**/
| #define HAVE_DIRENT_H 1
| #define STDC_HEADERS 1
| #define TIME_WITH_SYS_TIME 1
| #define HAVE_SYS_WAIT_H 1
| #define HAVE_UNISTD_H 1
| #define HAVE_STDDEF_H 1
| #define HAVE_MEMORY_H 1
| #define HAVE_STRING_H 1
| #define HAVE_ERRNO_H 1
| #define HAVE_MALLOC_H 1
| #define HAVE_SYS_SELECT_H 1
| #define HAVE_SYS_EPOLL_H 1
| /* end confdefs.h.  */
| #include <sys/event.h>
configure:5457: result: no
configure:5457: checking for sys/event.h
configure:5457: result: no
configure:5470: checking fcntl.h usability
configure:5470: gcc -c -g -O2  conftest.c >&5
configure:5470: $? = 0
configure:5470: result: yes
configure:5470: checking fcntl.h presence
configure:5470: gcc -E  conftest.c
configure:5470: $? = 0
configure:5470: result: yes
configure:5470: checking for fcntl.h
configure:5470: result: yes
configure:5470: checking limits.h usability
configure:5470: gcc -c -g -O2  conftest.c >&5
configure:5470: $? = 0
configure:5470: result: yes
configure:5470: checking limits.h presence
configure:5470: gcc -E  conftest.c
configure:5470: $? = 0
configure:5470: result: yes
configure:5470: checking for limits.h
configure:5470: result: yes
configure:5470: checking sys/file.h usability
configure:5470: gcc -c -g -O2  conftest.c >&5
configure:5470: $? = 0
configure:5470: result: yes
configure:5470: checking sys/file.h presence
configure:5470: gcc -E  conftest.c
configure:5470: $? = 0
configure:5470: result: yes
configure:5470: checking for sys/file.h
configure:5470: result: yes
configure:5470: checking sys/ioctl.h usability
configure:5470: gcc -c -g -O2  conftest.c >&5
configure:5470: $? = 0
configure:5470: result: yes
configure:5470: checking sys/ioctl.h presence
configure:5470: gcc -E  conftest.c
configure:5470: $? = 0
configure:5470: result: yes
configure:5470: checking for sys/ioctl.h
configure:5470: result: yes
configure:5470: checking for sys/types.h
configure:5470: result: yes
configure:5470: checking sys/time.h usability
configure:5470: gcc -c -g -O2  conftest.c >&5
configure:5470: $? = 0
configure:5470: result: yes
configure:5470: checking sys/time.h presence
configure:5470: gcc -E  conftest.c
configure:5470: $? = 0
configure:5470: result: yes
configure:5470: checking for sys/time.h
configure:5470: result: yes
configure:5470: checking for sys/stat.h
configure:5470: result: yes
configure:5470: checking sys/param.h usability
configure:5470: gcc -c -g -O2  conftest.c >&5
configure:5470: $? = 0
configure:5470: result: yes
configure:5470: checking sys/param.h presence
configure:5470: gcc -E  conftest.c
configure:5470: $? = 0
configure:5470: result: yes
configure:5470: checking for sys/param.h
configure:5470: result: yes
configure:5470: checking sys/fcntl.h usability
configure:5470: gcc -c -g -O2  conftest.c >&5
configure:5470: $? = 0
configure:5470: result: yes
configure:5470: checking sys/fcntl.h presence
configure:5470: gcc -E  conftest.c
configure:5470: $? = 0
configure:5470: result: yes
configure:5470: checking for sys/fcntl.h
configure:5470: result: yes
configure:5483: checking fpu_control.h usability
configure:5483: gcc -c -g -O2  conftest.c >&5
configure:5483: $? = 0
configure:5483: result: yes
configure:5483: checking fpu_control.h presence
configure:5483: gcc -E  conftest.c
configure:5483: $? = 0
configure:5483: result: yes
configure:5483: checking for fpu_control.h
configure:5483: result: yes
configure:5483: checking ieeefp.h usability
configure:5483: gcc -c -g -O2  conftest.c >&5
conftest.c:80:20: fatal error: ieeefp.h: No such file or directory
 #include <ieeefp.h>
                    ^
compilation terminated.
configure:5483: $? = 1
configure: failed program was:
| /* confdefs.h */
| #define PACKAGE_NAME "TinyMUX"
| #define PACKAGE_TARNAME "tinymux"
| #define PACKAGE_VERSION "2.10"
| #define PACKAGE_STRING "TinyMUX 2.10"
| #define PACKAGE_BUGREPORT "tinymux@googlegroups.com"
| #define PACKAGE_URL ""
| #define STDC_HEADERS 1
| #define HAVE_SYS_TYPES_H 1
| #define HAVE_SYS_STAT_H 1
| #define HAVE_STDLIB_H 1
| #define HAVE_STRING_H 1
| #define HAVE_MEMORY_H 1
| #define HAVE_STRINGS_H 1
| #define HAVE_INTTYPES_H 1
| #define HAVE_STDINT_H 1
| #define HAVE_UNISTD_H 1
| #define __EXTENSIONS__ 1
| #define _ALL_SOURCE 1
| #define _GNU_SOURCE 1
| #define _POSIX_PTHREAD_SEMANTICS 1
| #define _TANDEM_SOURCE 1
| #define HAVE_DLOPEN /**/
| #define HAVE_DIRENT_H 1
| #define STDC_HEADERS 1
| #define TIME_WITH_SYS_TIME 1
| #define HAVE_SYS_WAIT_H 1
| #define HAVE_UNISTD_H 1
| #define HAVE_STDDEF_H 1
| #define HAVE_MEMORY_H 1
| #define HAVE_STRING_H 1
| #define HAVE_ERRNO_H 1
| #define HAVE_MALLOC_H 1
| #define HAVE_SYS_SELECT_H 1
| #define HAVE_SYS_EPOLL_H 1
| #define HAVE_FCNTL_H 1
| #define HAVE_LIMITS_H 1
| #define HAVE_SYS_FILE_H 1
| #define HAVE_SYS_IOCTL_H 1
| #define HAVE_SYS_TYPES_H 1
| #define HAVE_SYS_TIME_H 1
| #define HAVE_SYS_STAT_H 1
| #define HAVE_SYS_PARAM_H 1
| #define HAVE_SYS_FCNTL_H 1
| #define HAVE_FPU_CONTROL_H 1
| /* end confdefs.h.  */
| #include <stdio.h>
| #ifdef HAVE_SYS_TYPES_H
| # include <sys/types.h>
| #endif
| #ifdef HAVE_SYS_STAT_H
| # include <sys/stat.h>
| #endif
| #ifdef STDC_HEADERS
| # include <stdlib.h>
| # include <stddef.h>
| #else
| # ifdef HAVE_STDLIB_H
| #  include <stdlib.h>
| # endif
| #endif
| #ifdef HAVE_STRING_H
| # if !defined STDC_HEADERS && defined HAVE_MEMORY_H
| #  include <memory.h>
| # endif
| # include <string.h>
| #endif
| #ifdef HAVE_STRINGS_H
| # include <strings.h>
| #endif
| #ifdef HAVE_INTTYPES_H
| # include <inttypes.h>
| #endif
| #ifdef HAVE_STDINT_H
| # include <stdint.h>
| #endif
| #ifdef HAVE_UNISTD_H
| # include <unistd.h>
| #endif
| #include <ieeefp.h>
configure:5483: result: no
configure:5483: checking ieeefp.h presence
configure:5483: gcc -E  conftest.c
conftest.c:47:20: fatal error: ieeefp.h: No such file or directory
 #include <ieeefp.h>
                    ^
compilation terminated.
configure:5483: $? = 1
configure: failed program was:
| /* confdefs.h */
| #define PACKAGE_NAME "TinyMUX"
| #define PACKAGE_TARNAME "tinymux"
| #define PACKAGE_VERSION "2.10"
| #define PACKAGE_STRING "TinyMUX 2.10"
| #define PACKAGE_BUGREPORT "tinymux@googlegroups.com"
| #define PACKAGE_URL ""
| #define STDC_HEADERS 1
| #define HAVE_SYS_TYPES_H 1
| #define HAVE_SYS_STAT_H 1
| #define HAVE_STDLIB_H 1
| #define HAVE_STRING_H 1
| #define HAVE_MEMORY_H 1
| #define HAVE_STRINGS_H 1
| #define HAVE_INTTYPES_H 1
| #define HAVE_STDINT_H 1
| #define HAVE_UNISTD_H 1
| #define __EXTENSIONS__ 1
| #define _ALL_SOURCE 1
| #define _GNU_SOURCE 1
| #define _POSIX_PTHREAD_SEMANTICS 1
| #define _TANDEM_SOURCE 1
| #define HAVE_DLOPEN /**/
| #define HAVE_DIRENT_H 1
| #define STDC_HEADERS 1
| #define TIME_WITH_SYS_TIME 1
| #define HAVE_SYS_WAIT_H 1
| #define HAVE_UNISTD_H 1
| #define HAVE_STDDEF_H 1
| #define HAVE_MEMORY_H 1
| #define HAVE_STRING_H 1
| #define HAVE_ERRNO_H 1
| #define HAVE_MALLOC_H 1
| #define HAVE_SYS_SELECT_H 1
| #define HAVE_SYS_EPOLL_H 1
| #define HAVE_FCNTL_H 1
| #define HAVE_LIMITS_H 1
| #define HAVE_SYS_FILE_H 1
| #define HAVE_SYS_IOCTL_H 1
| #define HAVE_SYS_TYPES_H 1
| #define HAVE_SYS_TIME_H 1
| #define HAVE_SYS_STAT_H 1
| #define HAVE_SYS_PARAM_H 1
| #define HAVE_SYS_FCNTL_H 1
| #define HAVE_FPU_CONTROL_H 1
| /* end confdefs.h.  */
| #include <ieeefp.h>
configure:5483: result: no
configure:5483: checking for ieeefp.h
configure:5483: result: no
configure:5483: checking fenv.h usability
configure:5483: gcc -c -g -O2  conftest.c >&5
configure:5483: $? = 0
configure:5483: result: yes
configure:5483: checking fenv.h presence
configure:5483: gcc -E  conftest.c
configure:5483: $? = 0
configure:5483: result: yes
configure:5483: checking for fenv.h
configure:5483: result: yes
configure:5483: checking float.h usability
configure:5483: gcc -c -g -O2  conftest.c >&5
configure:5483: $? = 0
configure:5483: result: yes
configure:5483: checking float.h presence
configure:5483: gcc -E  conftest.c
configure:5483: $? = 0
configure:5483: result: yes
configure:5483: checking for float.h
configure:5483: result: yes
configure:5496: checking netinet/in.h usability
configure:5496: gcc -c -g -O2  conftest.c >&5
configure:5496: $? = 0
configure:5496: result: yes
configure:5496: checking netinet/in.h presence
configure:5496: gcc -E  conftest.c
configure:5496: $? = 0
configure:5496: result: yes
configure:5496: checking for netinet/in.h
configure:5496: result: yes
configure:5496: checking arpa/inet.h usability
configure:5496: gcc -c -g -O2  conftest.c >&5
configure:5496: $? = 0
configure:5496: result: yes
configure:5496: checking arpa/inet.h presence
configure:5496: gcc -E  conftest.c
configure:5496: $? = 0
configure:5496: result: yes
configure:5496: checking for arpa/inet.h
configure:5496: result: yes
configure:5496: checking netdb.h usability
configure:5496: gcc -c -g -O2  conftest.c >&5
configure:5496: $? = 0
configure:5496: result: yes
configure:5496: checking netdb.h presence
configure:5496: gcc -E  conftest.c
configure:5496: $? = 0
configure:5496: result: yes
configure:5496: checking for netdb.h
configure:5496: result: yes
configure:5496: checking sys/socket.h usability
configure:5496: gcc -c -g -O2  conftest.c >&5
configure:5496: $? = 0
configure:5496: result: yes
configure:5496: checking sys/socket.h presence
configure:5496: gcc -E  conftest.c
configure:5496: $? = 0
configure:5496: result: yes
configure:5496: checking for sys/socket.h
configure:5496: result: yes
configure:5506: checking for sys_errlist decl...
configure:5614: checking for extended string dcls...
configure:5643: gcc -c -g -O2  conftest.c >&5
configure:5643: $? = 0
configure:5650: checking for malloc dcl...
configure:5688: checking for extended stdio dcls...
configure:5703: checking for extended socket dcls...
configure:5718: checking for gettimeofday dcl...
configure:5771: checking for off_t
configure:5771: gcc -c -g -O2  conftest.c >&5
configure:5771: $? = 0
configure:5771: gcc -c -g -O2  conftest.c >&5
conftest.c: In function 'main':
conftest.c:93:20: error: expected expression before ')' token
 if (sizeof ((off_t)))
                    ^
configure:5771: $? = 1
configure: failed program was:
| /* confdefs.h */
| #define PACKAGE_NAME "TinyMUX"
| #define PACKAGE_TARNAME "tinymux"
| #define PACKAGE_VERSION "2.10"
| #define PACKAGE_STRING "TinyMUX 2.10"
| #define PACKAGE_BUGREPORT "tinymux@googlegroups.com"
| #define PACKAGE_URL ""
| #define STDC_HEADERS 1
| #define HAVE_SYS_TYPES_H 1
| #define HAVE_SYS_STAT_H 1
| #define HAVE_STDLIB_H 1
| #define HAVE_STRING_H 1
| #define HAVE_MEMORY_H 1
| #define HAVE_STRINGS_H 1
| #define HAVE_INTTYPES_H 1
| #define HAVE_STDINT_H 1
| #define HAVE_UNISTD_H 1
| #define __EXTENSIONS__ 1
| #define _ALL_SOURCE 1
| #define _GNU_SOURCE 1
| #define _POSIX_PTHREAD_SEMANTICS 1
| #define _TANDEM_SOURCE 1
| #define HAVE_DLOPEN /**/
| #define HAVE_DIRENT_H 1
| #define STDC_HEADERS 1
| #define TIME_WITH_SYS_TIME 1
| #define HAVE_SYS_WAIT_H 1
| #define HAVE_UNISTD_H 1
| #define HAVE_STDDEF_H 1
| #define HAVE_MEMORY_H 1
| #define HAVE_STRING_H 1
| #define HAVE_ERRNO_H 1
| #define HAVE_MALLOC_H 1
| #define HAVE_SYS_SELECT_H 1
| #define HAVE_SYS_EPOLL_H 1
| #define HAVE_FCNTL_H 1
| #define HAVE_LIMITS_H 1
| #define HAVE_SYS_FILE_H 1
| #define HAVE_SYS_IOCTL_H 1
| #define HAVE_SYS_TYPES_H 1
| #define HAVE_SYS_TIME_H 1
| #define HAVE_SYS_STAT_H 1
| #define HAVE_SYS_PARAM_H 1
| #define HAVE_SYS_FCNTL_H 1
| #define HAVE_FPU_CONTROL_H 1
| #define HAVE_FENV_H 1
| #define HAVE_FLOAT_H 1
| #define HAVE_NETINET_IN_H 1
| #define HAVE_ARPA_INET_H 1
| #define HAVE_NETDB_H 1
| #define HAVE_SYS_SOCKET_H 1
| #define HAVE_STRUCT_SIGCONTEXT /**/
| #define MALLOC_IN_STDLIB_H /**/
| #define EXTENDED_STDIO_DCLS /**/
| #define EXTENDED_SOCKET_DCLS /**/
| /* end confdefs.h.  */
| #include <stdio.h>
| #ifdef HAVE_SYS_TYPES_H
| # include <sys/types.h>
| #endif
| #ifdef HAVE_SYS_STAT_H
| # include <sys/stat.h>
| #endif
| #ifdef STDC_HEADERS
| # include <stdlib.h>
| # include <stddef.h>
| #else
| # ifdef HAVE_STDLIB_H
| #  include <stdlib.h>
| # endif
| #endif
| #ifdef HAVE_STRING_H
| # if !defined STDC_HEADERS && defined HAVE_MEMORY_H
| #  include <memory.h>
| # endif
| # include <string.h>
| #endif
| #ifdef HAVE_STRINGS_H
| # include <strings.h>
| #endif
| #ifdef HAVE_INTTYPES_H
| # include <inttypes.h>
| #endif
| #ifdef HAVE_STDINT_H
| # include <stdint.h>
| #endif
| #ifdef HAVE_UNISTD_H
| # include <unistd.h>
| #endif
| int
| main ()
| {
| if (sizeof ((off_t)))
| 	    return 0;
|   ;
|   return 0;
| }
configure:5771: result: yes
configure:5782: checking for pid_t
configure:5782: gcc -c -g -O2  conftest.c >&5
configure:5782: $? = 0
configure:5782: gcc -c -g -O2  conftest.c >&5
conftest.c: In function 'main':
conftest.c:93:20: error: expected expression before ')' token
 if (sizeof ((pid_t)))
                    ^
configure:5782: $? = 1
configure: failed program was:
| /* confdefs.h */
| #define PACKAGE_NAME "TinyMUX"
| #define PACKAGE_TARNAME "tinymux"
| #define PACKAGE_VERSION "2.10"
| #define PACKAGE_STRING "TinyMUX 2.10"
| #define PACKAGE_BUGREPORT "tinymux@googlegroups.com"
| #define PACKAGE_URL ""
| #define STDC_HEADERS 1
| #define HAVE_SYS_TYPES_H 1
| #define HAVE_SYS_STAT_H 1
| #define HAVE_STDLIB_H 1
| #define HAVE_STRING_H 1
| #define HAVE_MEMORY_H 1
| #define HAVE_STRINGS_H 1
| #define HAVE_INTTYPES_H 1
| #define HAVE_STDINT_H 1
| #define HAVE_UNISTD_H 1
| #define __EXTENSIONS__ 1
| #define _ALL_SOURCE 1
| #define _GNU_SOURCE 1
| #define _POSIX_PTHREAD_SEMANTICS 1
| #define _TANDEM_SOURCE 1
| #define HAVE_DLOPEN /**/
| #define HAVE_DIRENT_H 1
| #define STDC_HEADERS 1
| #define TIME_WITH_SYS_TIME 1
| #define HAVE_SYS_WAIT_H 1
| #define HAVE_UNISTD_H 1
| #define HAVE_STDDEF_H 1
| #define HAVE_MEMORY_H 1
| #define HAVE_STRING_H 1
| #define HAVE_ERRNO_H 1
| #define HAVE_MALLOC_H 1
| #define HAVE_SYS_SELECT_H 1
| #define HAVE_SYS_EPOLL_H 1
| #define HAVE_FCNTL_H 1
| #define HAVE_LIMITS_H 1
| #define HAVE_SYS_FILE_H 1
| #define HAVE_SYS_IOCTL_H 1
| #define HAVE_SYS_TYPES_H 1
| #define HAVE_SYS_TIME_H 1
| #define HAVE_SYS_STAT_H 1
| #define HAVE_SYS_PARAM_H 1
| #define HAVE_SYS_FCNTL_H 1
| #define HAVE_FPU_CONTROL_H 1
| #define HAVE_FENV_H 1
| #define HAVE_FLOAT_H 1
| #define HAVE_NETINET_IN_H 1
| #define HAVE_ARPA_INET_H 1
| #define HAVE_NETDB_H 1
| #define HAVE_SYS_SOCKET_H 1
| #define HAVE_STRUCT_SIGCONTEXT /**/
| #define MALLOC_IN_STDLIB_H /**/
| #define EXTENDED_STDIO_DCLS /**/
| #define EXTENDED_SOCKET_DCLS /**/
| /* end confdefs.h.  */
| #include <stdio.h>
| #ifdef HAVE_SYS_TYPES_H
| # include <sys/types.h>
| #endif
| #ifdef HAVE_SYS_STAT_H
| # include <sys/stat.h>
| #endif
| #ifdef STDC_HEADERS
| # include <stdlib.h>
| # include <stddef.h>
| #else
| # ifdef HAVE_STDLIB_H
| #  include <stdlib.h>
| # endif
| #endif
| #ifdef HAVE_STRING_H
| # if !defined STDC_HEADERS && defined HAVE_MEMORY_H
| #  include <memory.h>
| # endif
| # include <string.h>
| #endif
| #ifdef HAVE_STRINGS_H
| # include <strings.h>
| #endif
| #ifdef HAVE_INTTYPES_H
| # include <inttypes.h>
| #endif
| #ifdef HAVE_STDINT_H
| # include <stdint.h>
| #endif
| #ifdef HAVE_UNISTD_H
| # include <unistd.h>
| #endif
| int
| main ()
| {
| if (sizeof ((pid_t)))
| 	    return 0;
|   ;
|   return 0;
| }
configure:5782: result: yes
configure:5793: checking for size_t
configure:5793: gcc -c -g -O2  conftest.c >&5
configure:5793: $? = 0
configure:5793: gcc -c -g -O2  conftest.c >&5
conftest.c: In function 'main':
conftest.c:93:21: error: expected expression before ')' token
 if (sizeof ((size_t)))
                     ^
configure:5793: $? = 1
configure: failed program was:
| /* confdefs.h */
| #define PACKAGE_NAME "TinyMUX"
| #define PACKAGE_TARNAME "tinymux"
| #define PACKAGE_VERSION "2.10"
| #define PACKAGE_STRING "TinyMUX 2.10"
| #define PACKAGE_BUGREPORT "tinymux@googlegroups.com"
| #define PACKAGE_URL ""
| #define STDC_HEADERS 1
| #define HAVE_SYS_TYPES_H 1
| #define HAVE_SYS_STAT_H 1
| #define HAVE_STDLIB_H 1
| #define HAVE_STRING_H 1
| #define HAVE_MEMORY_H 1
| #define HAVE_STRINGS_H 1
| #define HAVE_INTTYPES_H 1
| #define HAVE_STDINT_H 1
| #define HAVE_UNISTD_H 1
| #define __EXTENSIONS__ 1
| #define _ALL_SOURCE 1
| #define _GNU_SOURCE 1
| #define _POSIX_PTHREAD_SEMANTICS 1
| #define _TANDEM_SOURCE 1
| #define HAVE_DLOPEN /**/
| #define HAVE_DIRENT_H 1
| #define STDC_HEADERS 1
| #define TIME_WITH_SYS_TIME 1
| #define HAVE_SYS_WAIT_H 1
| #define HAVE_UNISTD_H 1
| #define HAVE_STDDEF_H 1
| #define HAVE_MEMORY_H 1
| #define HAVE_STRING_H 1
| #define HAVE_ERRNO_H 1
| #define HAVE_MALLOC_H 1
| #define HAVE_SYS_SELECT_H 1
| #define HAVE_SYS_EPOLL_H 1
| #define HAVE_FCNTL_H 1
| #define HAVE_LIMITS_H 1
| #define HAVE_SYS_FILE_H 1
| #define HAVE_SYS_IOCTL_H 1
| #define HAVE_SYS_TYPES_H 1
| #define HAVE_SYS_TIME_H 1
| #define HAVE_SYS_STAT_H 1
| #define HAVE_SYS_PARAM_H 1
| #define HAVE_SYS_FCNTL_H 1
| #define HAVE_FPU_CONTROL_H 1
| #define HAVE_FENV_H 1
| #define HAVE_FLOAT_H 1
| #define HAVE_NETINET_IN_H 1
| #define HAVE_ARPA_INET_H 1
| #define HAVE_NETDB_H 1
| #define HAVE_SYS_SOCKET_H 1
| #define HAVE_STRUCT_SIGCONTEXT /**/
| #define MALLOC_IN_STDLIB_H /**/
| #define EXTENDED_STDIO_DCLS /**/
| #define EXTENDED_SOCKET_DCLS /**/
| /* end confdefs.h.  */
| #include <stdio.h>
| #ifdef HAVE_SYS_TYPES_H
| # include <sys/types.h>
| #endif
| #ifdef HAVE_SYS_STAT_H
| # include <sys/stat.h>
| #endif
| #ifdef STDC_HEADERS
| # include <stdlib.h>
| # include <stddef.h>
| #else
| # ifdef HAVE_STDLIB_H
| #  include <stdlib.h>
| # endif
| #endif
| #ifdef HAVE_STRING_H
| # if !defined STDC_HEADERS && defined HAVE_MEMORY_H
| #  include <memory.h>
| # endif
| # include <string.h>
| #endif
| #ifdef HAVE_STRINGS_H
| # include <strings.h>
| #endif
| #ifdef HAVE_INTTYPES_H
| # include <inttypes.h>
| #endif
| #ifdef HAVE_STDINT_H
| # include <stdint.h>
| #endif
| #ifdef HAVE_UNISTD_H
| # include <unistd.h>
| #endif
| int
| main ()
| {
| if (sizeof ((size_t)))
| 	    return 0;
|   ;
|   return 0;
| }
configure:5793: result: yes
configure:5804: checking whether struct tm is in sys/time.h or time.h
configure:5824: gcc -c -g -O2  conftest.c >&5
configure:5824: $? = 0
configure:5831: result: time.h
configure:5839: checking for struct tm.tm_zone
configure:5839: gcc -c -g -O2  conftest.c >&5
configure:5839: $? = 0
configure:5839: result: yes
configure:5906: checking for an ANSI C-conforming const
configure:5972: gcc -c -g -O2  conftest.c >&5
configure:5972: $? = 0
configure:5979: result: yes
configure:5987: checking for inline
configure:6003: gcc -c -g -O2  conftest.c >&5
configure:6003: $? = 0
configure:6011: result: inline
configure:6033: checking size of short
configure:6038: gcc -o conftest -g -O2   conftest.c -lm -lcrypt -lstdc++ >&5
configure:6038: $? = 0
configure:6038: ./conftest
configure:6038: $? = 0
configure:6052: result: 2
configure:6066: checking size of unsigned short
configure:6071: gcc -o conftest -g -O2   conftest.c -lm -lcrypt -lstdc++ >&5
configure:6071: $? = 0
configure:6071: ./conftest
configure:6071: $? = 0
configure:6085: result: 2
configure:6099: checking size of int
configure:6104: gcc -o conftest -g -O2   conftest.c -lm -lcrypt -lstdc++ >&5
configure:6104: $? = 0
configure:6104: ./conftest
configure:6104: $? = 0
configure:6118: result: 4
configure:6132: checking size of unsigned int
configure:6137: gcc -o conftest -g -O2   conftest.c -lm -lcrypt -lstdc++ >&5
configure:6137: $? = 0
configure:6137: ./conftest
configure:6137: $? = 0
configure:6151: result: 4
configure:6165: checking size of long
configure:6170: gcc -o conftest -g -O2   conftest.c -lm -lcrypt -lstdc++ >&5
configure:6170: $? = 0
configure:6170: ./conftest
configure:6170: $? = 0
configure:6184: result: 8
configure:6198: checking size of unsigned long
configure:6203: gcc -o conftest -g -O2   conftest.c -lm -lcrypt -lstdc++ >&5
configure:6203: $? = 0
configure:6203: ./conftest
configure:6203: $? = 0
configure:6217: result: 8
configure:6231: checking size of long long
configure:6236: gcc -o conftest -g -O2   conftest.c -lm -lcrypt -lstdc++ >&5
configure:6236: $? = 0
configure:6236: ./conftest
configure:6236: $? = 0
configure:6250: result: 8
configure:6264: checking size of unsigned long long
configure:6269: gcc -o conftest -g -O2   conftest.c -lm -lcrypt -lstdc++ >&5
configure:6269: $? = 0
configure:6269: ./conftest
configure:6269: $? = 0
configure:6283: result: 8
configure:6297: checking size of void *
configure:6302: gcc -o conftest -g -O2   conftest.c -lm -lcrypt -lstdc++ >&5
configure:6302: $? = 0
configure:6302: ./conftest
configure:6302: $? = 0
configure:6316: result: 8
configure:6326: checking for socklen_t dcls...
configure:6341: checking whether sys_siglist is declared
configure:6341: gcc -c -g -O2  conftest.c >&5
configure:6341: $? = 0
configure:6341: result: yes
configure:6358: checking for sys_signame decl
configure:6372: result: no
configure:6377: checking for getrusage dcl...
configure:6394: checking for getrlimit dcl...
configure:6411: checking whether byte ordering is bigendian
configure:6426: gcc -c -g -O2  conftest.c >&5
conftest.c:71:9: error: unknown type name 'not'
         not a universal capable compiler
         ^~~
conftest.c:71:15: error: expected '=', ',', ';', 'asm' or '__attribute__' before 'universal'
         not a universal capable compiler
               ^~~~~~~~~
conftest.c:71:15: error: unknown type name 'universal'
configure:6426: $? = 1
configure: failed program was:
| /* confdefs.h */
| #define PACKAGE_NAME "TinyMUX"
| #define PACKAGE_TARNAME "tinymux"
| #define PACKAGE_VERSION "2.10"
| #define PACKAGE_STRING "TinyMUX 2.10"
| #define PACKAGE_BUGREPORT "tinymux@googlegroups.com"
| #define PACKAGE_URL ""
| #define STDC_HEADERS 1
| #define HAVE_SYS_TYPES_H 1
| #define HAVE_SYS_STAT_H 1
| #define HAVE_STDLIB_H 1
| #define HAVE_STRING_H 1
| #define HAVE_MEMORY_H 1
| #define HAVE_STRINGS_H 1
| #define HAVE_INTTYPES_H 1
| #define HAVE_STDINT_H 1
| #define HAVE_UNISTD_H 1
| #define __EXTENSIONS__ 1
| #define _ALL_SOURCE 1
| #define _GNU_SOURCE 1
| #define _POSIX_PTHREAD_SEMANTICS 1
| #define _TANDEM_SOURCE 1
| #define HAVE_DLOPEN /**/
| #define HAVE_DIRENT_H 1
| #define STDC_HEADERS 1
| #define TIME_WITH_SYS_TIME 1
| #define HAVE_SYS_WAIT_H 1
| #define HAVE_UNISTD_H 1
| #define HAVE_STDDEF_H 1
| #define HAVE_MEMORY_H 1
| #define HAVE_STRING_H 1
| #define HAVE_ERRNO_H 1
| #define HAVE_MALLOC_H 1
| #define HAVE_SYS_SELECT_H 1
| #define HAVE_SYS_EPOLL_H 1
| #define HAVE_FCNTL_H 1
| #define HAVE_LIMITS_H 1
| #define HAVE_SYS_FILE_H 1
| #define HAVE_SYS_IOCTL_H 1
| #define HAVE_SYS_TYPES_H 1
| #define HAVE_SYS_TIME_H 1
| #define HAVE_SYS_STAT_H 1
| #define HAVE_SYS_PARAM_H 1
| #define HAVE_SYS_FCNTL_H 1
| #define HAVE_FPU_CONTROL_H 1
| #define HAVE_FENV_H 1
| #define HAVE_FLOAT_H 1
| #define HAVE_NETINET_IN_H 1
| #define HAVE_ARPA_INET_H 1
| #define HAVE_NETDB_H 1
| #define HAVE_SYS_SOCKET_H 1
| #define HAVE_STRUCT_SIGCONTEXT /**/
| #define MALLOC_IN_STDLIB_H /**/
| #define EXTENDED_STDIO_DCLS /**/
| #define EXTENDED_SOCKET_DCLS /**/
| #define HAVE_STRUCT_TM_TM_ZONE 1
| #define HAVE_TM_ZONE 1
| #define SIZEOF_SHORT 2
| #define SIZEOF_UNSIGNED_SHORT 2
| #define SIZEOF_INT 4
| #define SIZEOF_UNSIGNED_INT 4
| #define SIZEOF_LONG 8
| #define SIZEOF_UNSIGNED_LONG 8
| #define SIZEOF_LONG_LONG 8
| #define SIZEOF_UNSIGNED_LONG_LONG 8
| #define SIZEOF_VOID_P 8
| #define SOCKLEN_T_DCL /**/
| #define HAVE_DECL_SYS_SIGLIST 1
| /* end confdefs.h.  */
| #ifndef __APPLE_CC__
| 	       not a universal capable compiler
| 	     #endif
| 	     typedef int dummy;
| 
configure:6471: gcc -c -g -O2  conftest.c >&5
configure:6471: $? = 0
configure:6489: gcc -c -g -O2  conftest.c >&5
conftest.c: In function 'main':
conftest.c:77:4: error: unknown type name 'not'
    not big endian
    ^~~
conftest.c:77:12: error: expected '=', ',', ';', 'asm' or '__attribute__' before 'endian'
    not big endian
            ^~~~~~
configure:6489: $? = 1
configure: failed program was:
| /* confdefs.h */
| #define PACKAGE_NAME "TinyMUX"
| #define PACKAGE_TARNAME "tinymux"
| #define PACKAGE_VERSION "2.10"
| #define PACKAGE_STRING "TinyMUX 2.10"
| #define PACKAGE_BUGREPORT "tinymux@googlegroups.com"
| #define PACKAGE_URL ""
| #define STDC_HEADERS 1
| #define HAVE_SYS_TYPES_H 1
| #define HAVE_SYS_STAT_H 1
| #define HAVE_STDLIB_H 1
| #define HAVE_STRING_H 1
| #define HAVE_MEMORY_H 1
| #define HAVE_STRINGS_H 1
| #define HAVE_INTTYPES_H 1
| #define HAVE_STDINT_H 1
| #define HAVE_UNISTD_H 1
| #define __EXTENSIONS__ 1
| #define _ALL_SOURCE 1
| #define _GNU_SOURCE 1
| #define _POSIX_PTHREAD_SEMANTICS 1
| #define _TANDEM_SOURCE 1
| #define HAVE_DLOPEN /**/
| #define HAVE_DIRENT_H 1
| #define STDC_HEADERS 1
| #define TIME_WITH_SYS_TIME 1
| #define HAVE_SYS_WAIT_H 1
| #define HAVE_UNISTD_H 1
| #define HAVE_STDDEF_H 1
| #define HAVE_MEMORY_H 1
| #define HAVE_STRING_H 1
| #define HAVE_ERRNO_H 1
| #define HAVE_MALLOC_H 1
| #define HAVE_SYS_SELECT_H 1
| #define HAVE_SYS_EPOLL_H 1
| #define HAVE_FCNTL_H 1
| #define HAVE_LIMITS_H 1
| #define HAVE_SYS_FILE_H 1
| #define HAVE_SYS_IOCTL_H 1
| #define HAVE_SYS_TYPES_H 1
| #define HAVE_SYS_TIME_H 1
| #define HAVE_SYS_STAT_H 1
| #define HAVE_SYS_PARAM_H 1
| #define HAVE_SYS_FCNTL_H 1
| #define HAVE_FPU_CONTROL_H 1
| #define HAVE_FENV_H 1
| #define HAVE_FLOAT_H 1
| #define HAVE_NETINET_IN_H 1
| #define HAVE_ARPA_INET_H 1
| #define HAVE_NETDB_H 1
| #define HAVE_SYS_SOCKET_H 1
| #define HAVE_STRUCT_SIGCONTEXT /**/
| #define MALLOC_IN_STDLIB_H /**/
| #define EXTENDED_STDIO_DCLS /**/
| #define EXTENDED_SOCKET_DCLS /**/
| #define HAVE_STRUCT_TM_TM_ZONE 1
| #define HAVE_TM_ZONE 1
| #define SIZEOF_SHORT 2
| #define SIZEOF_UNSIGNED_SHORT 2
| #define SIZEOF_INT 4
| #define SIZEOF_UNSIGNED_INT 4
| #define SIZEOF_LONG 8
| #define SIZEOF_UNSIGNED_LONG 8
| #define SIZEOF_LONG_LONG 8
| #define SIZEOF_UNSIGNED_LONG_LONG 8
| #define SIZEOF_VOID_P 8
| #define SOCKLEN_T_DCL /**/
| #define HAVE_DECL_SYS_SIGLIST 1
| /* end confdefs.h.  */
| #include <sys/types.h>
| 		#include <sys/param.h>
| 
| int
| main ()
| {
| #if BYTE_ORDER != BIG_ENDIAN
| 		 not big endian
| 		#endif
| 
|   ;
|   return 0;
| }
configure:6617: result: no
configure:6639: checking for in_addr_t
configure:6659: gcc -c -g -O2  conftest.c >&5
configure:6659: $? = 0
configure:6663: result: yes
configure:6670: checking for in_addr
configure:6690: gcc -c -g -O2  conftest.c >&5
configure:6690: $? = 0
configure:6694: result: yes
configure:6701: checking for sockaddr_in
configure:6721: gcc -c -g -O2  conftest.c >&5
configure:6721: $? = 0
configure:6725: result: yes
configure:6732: checking for in6_addr
configure:6752: gcc -c -g -O2  conftest.c >&5
configure:6752: $? = 0
configure:6756: result: yes
configure:6763: checking for sockaddr_in6
configure:6783: gcc -c -g -O2  conftest.c >&5
configure:6783: $? = 0
configure:6787: result: yes
configure:6794: checking for sockaddr_storage
configure:6814: gcc -c -g -O2  conftest.c >&5
configure:6814: $? = 0
configure:6818: result: yes
configure:6830: checking for vprintf
configure:6830: gcc -o conftest -g -O2   conftest.c -lm -lcrypt -lstdc++ >&5
conftest.c:100:6: warning: conflicting types for built-in function 'vprintf'
 char vprintf ();
      ^~~~~~~
configure:6830: $? = 0
configure:6830: result: yes
configure:6836: checking for _doprnt
configure:6836: gcc -o conftest -g -O2   conftest.c -lm -lcrypt -lstdc++ >&5
/tmp/cc5RjJBg.o: In function `main':
/home/kerapis/MUDs/kult/src/conftest.c:112: undefined reference to `_doprnt'
collect2: error: ld returned 1 exit status
configure:6836: $? = 1
configure: failed program was:
| /* confdefs.h */
| #define PACKAGE_NAME "TinyMUX"
| #define PACKAGE_TARNAME "tinymux"
| #define PACKAGE_VERSION "2.10"
| #define PACKAGE_STRING "TinyMUX 2.10"
| #define PACKAGE_BUGREPORT "tinymux@googlegroups.com"
| #define PACKAGE_URL ""
| #define STDC_HEADERS 1
| #define HAVE_SYS_TYPES_H 1
| #define HAVE_SYS_STAT_H 1
| #define HAVE_STDLIB_H 1
| #define HAVE_STRING_H 1
| #define HAVE_MEMORY_H 1
| #define HAVE_STRINGS_H 1
| #define HAVE_INTTYPES_H 1
| #define HAVE_STDINT_H 1
| #define HAVE_UNISTD_H 1
| #define __EXTENSIONS__ 1
| #define _ALL_SOURCE 1
| #define _GNU_SOURCE 1
| #define _POSIX_PTHREAD_SEMANTICS 1
| #define _TANDEM_SOURCE 1
| #define HAVE_DLOPEN /**/
| #define HAVE_DIRENT_H 1
| #define STDC_HEADERS 1
| #define TIME_WITH_SYS_TIME 1
| #define HAVE_SYS_WAIT_H 1
| #define HAVE_UNISTD_H 1
| #define HAVE_STDDEF_H 1
| #define HAVE_MEMORY_H 1
| #define HAVE_STRING_H 1
| #define HAVE_ERRNO_H 1
| #define HAVE_MALLOC_H 1
| #define HAVE_SYS_SELECT_H 1
| #define HAVE_SYS_EPOLL_H 1
| #define HAVE_FCNTL_H 1
| #define HAVE_LIMITS_H 1
| #define HAVE_SYS_FILE_H 1
| #define HAVE_SYS_IOCTL_H 1
| #define HAVE_SYS_TYPES_H 1
| #define HAVE_SYS_TIME_H 1
| #define HAVE_SYS_STAT_H 1
| #define HAVE_SYS_PARAM_H 1
| #define HAVE_SYS_FCNTL_H 1
| #define HAVE_FPU_CONTROL_H 1
| #define HAVE_FENV_H 1
| #define HAVE_FLOAT_H 1
| #define HAVE_NETINET_IN_H 1
| #define HAVE_ARPA_INET_H 1
| #define HAVE_NETDB_H 1
| #define HAVE_SYS_SOCKET_H 1
| #define HAVE_STRUCT_SIGCONTEXT /**/
| #define MALLOC_IN_STDLIB_H /**/
| #define EXTENDED_STDIO_DCLS /**/
| #define EXTENDED_SOCKET_DCLS /**/
| #define HAVE_STRUCT_TM_TM_ZONE 1
| #define HAVE_TM_ZONE 1
| #define SIZEOF_SHORT 2
| #define SIZEOF_UNSIGNED_SHORT 2
| #define SIZEOF_INT 4
| #define SIZEOF_UNSIGNED_INT 4
| #define SIZEOF_LONG 8
| #define SIZEOF_UNSIGNED_LONG 8
| #define SIZEOF_LONG_LONG 8
| #define SIZEOF_UNSIGNED_LONG_LONG 8
| #define SIZEOF_VOID_P 8
| #define SOCKLEN_T_DCL /**/
| #define HAVE_DECL_SYS_SIGLIST 1
| #define WORDS_LITTLEENDIAN /**/
| #define HAVE_IN_ADDR_T /**/
| #define HAVE_IN_ADDR /**/
| #define HAVE_SOCKADDR_IN /**/
| #define HAVE_IN6_ADDR /**/
| #define HAVE_SOCKADDR_IN6 /**/
| #define HAVE_SOCKADDR_STORAGE /**/
| #define HAVE_VPRINTF 1
| /* end confdefs.h.  */
| /* Define _doprnt to an innocuous variant, in case <limits.h> declares _doprnt.
|    For example, HP-UX 11i <limits.h> declares gettimeofday.  */
| #define _doprnt innocuous__doprnt
| 
| /* System header to define __stub macros and hopefully few prototypes,
|     which can conflict with char _doprnt (); below.
|     Prefer <limits.h> to <assert.h> if __STDC__ is defined, since
|     <limits.h> exists even on freestanding compilers.  */
| 
| #ifdef __STDC__
| # include <limits.h>
| #else
| # include <assert.h>
| #endif
| 
| #undef _doprnt
| 
| /* Override any GCC internal prototype to avoid an error.
|    Use char because int might match the return type of a GCC
|    builtin and then its argument prototype would still apply.  */
| #ifdef __cplusplus
| extern "C"
| #endif
| char _doprnt ();
| /* The GNU C library defines this for functions which it implements
|     to always fail with ENOSYS.  Some functions are actually named
|     something starting with __ and the normal name is an alias.  */
| #if defined __stub__doprnt || defined __stub____doprnt
| choke me
| #endif
| 
| int
| main ()
| {
| return _doprnt ();
|   ;
|   return 0;
| }
configure:6836: result: no
configure:6849: checking vfork.h usability
configure:6849: gcc -c -g -O2  conftest.c >&5
conftest.c:111:19: fatal error: vfork.h: No such file or directory
 #include <vfork.h>
                   ^
compilation terminated.
configure:6849: $? = 1
configure: failed program was:
| /* confdefs.h */
| #define PACKAGE_NAME "TinyMUX"
| #define PACKAGE_TARNAME "tinymux"
| #define PACKAGE_VERSION "2.10"
| #define PACKAGE_STRING "TinyMUX 2.10"
| #define PACKAGE_BUGREPORT "tinymux@googlegroups.com"
| #define PACKAGE_URL ""
| #define STDC_HEADERS 1
| #define HAVE_SYS_TYPES_H 1
| #define HAVE_SYS_STAT_H 1
| #define HAVE_STDLIB_H 1
| #define HAVE_STRING_H 1
| #define HAVE_MEMORY_H 1
| #define HAVE_STRINGS_H 1
| #define HAVE_INTTYPES_H 1
| #define HAVE_STDINT_H 1
| #define HAVE_UNISTD_H 1
| #define __EXTENSIONS__ 1
| #define _ALL_SOURCE 1
| #define _GNU_SOURCE 1
| #define _POSIX_PTHREAD_SEMANTICS 1
| #define _TANDEM_SOURCE 1
| #define HAVE_DLOPEN /**/
| #define HAVE_DIRENT_H 1
| #define STDC_HEADERS 1
| #define TIME_WITH_SYS_TIME 1
| #define HAVE_SYS_WAIT_H 1
| #define HAVE_UNISTD_H 1
| #define HAVE_STDDEF_H 1
| #define HAVE_MEMORY_H 1
| #define HAVE_STRING_H 1
| #define HAVE_ERRNO_H 1
| #define HAVE_MALLOC_H 1
| #define HAVE_SYS_SELECT_H 1
| #define HAVE_SYS_EPOLL_H 1
| #define HAVE_FCNTL_H 1
| #define HAVE_LIMITS_H 1
| #define HAVE_SYS_FILE_H 1
| #define HAVE_SYS_IOCTL_H 1
| #define HAVE_SYS_TYPES_H 1
| #define HAVE_SYS_TIME_H 1
| #define HAVE_SYS_STAT_H 1
| #define HAVE_SYS_PARAM_H 1
| #define HAVE_SYS_FCNTL_H 1
| #define HAVE_FPU_CONTROL_H 1
| #define HAVE_FENV_H 1
| #define HAVE_FLOAT_H 1
| #define HAVE_NETINET_IN_H 1
| #define HAVE_ARPA_INET_H 1
| #define HAVE_NETDB_H 1
| #define HAVE_SYS_SOCKET_H 1
| #define HAVE_STRUCT_SIGCONTEXT /**/
| #define MALLOC_IN_STDLIB_H /**/
| #define EXTENDED_STDIO_DCLS /**/
| #define EXTENDED_SOCKET_DCLS /**/
| #define HAVE_STRUCT_TM_TM_ZONE 1
| #define HAVE_TM_ZONE 1
| #define SIZEOF_SHORT 2
| #define SIZEOF_UNSIGNED_SHORT 2
| #define SIZEOF_INT 4
| #define SIZEOF_UNSIGNED_INT 4
| #define SIZEOF_LONG 8
| #define SIZEOF_UNSIGNED_LONG 8
| #define SIZEOF_LONG_LONG 8
| #define SIZEOF_UNSIGNED_LONG_LONG 8
| #define SIZEOF_VOID_P 8
| #define SOCKLEN_T_DCL /**/
| #define HAVE_DECL_SYS_SIGLIST 1
| #define WORDS_LITTLEENDIAN /**/
| #define HAVE_IN_ADDR_T /**/
| #define HAVE_IN_ADDR /**/
| #define HAVE_SOCKADDR_IN /**/
| #define HAVE_IN6_ADDR /**/
| #define HAVE_SOCKADDR_IN6 /**/
| #define HAVE_SOCKADDR_STORAGE /**/
| #define HAVE_VPRINTF 1
| /* end confdefs.h.  */
| #include <stdio.h>
| #ifdef HAVE_SYS_TYPES_H
| # include <sys/types.h>
| #endif
| #ifdef HAVE_SYS_STAT_H
| # include <sys/stat.h>
| #endif
| #ifdef STDC_HEADERS
| # include <stdlib.h>
| # include <stddef.h>
| #else
| # ifdef HAVE_STDLIB_H
| #  include <stdlib.h>
| # endif
| #endif
| #ifdef HAVE_STRING_H
| # if !defined STDC_HEADERS && defined HAVE_MEMORY_H
| #  include <memory.h>
| # endif
| # include <string.h>
| #endif
| #ifdef HAVE_STRINGS_H
| # include <strings.h>
| #endif
| #ifdef HAVE_INTTYPES_H
| # include <inttypes.h>
| #endif
| #ifdef HAVE_STDINT_H
| # include <stdint.h>
| #endif
| #ifdef HAVE_UNISTD_H
| # include <unistd.h>
| #endif
| #include <vfork.h>
configure:6849: result: no
configure:6849: checking vfork.h presence
configure:6849: gcc -E  conftest.c
conftest.c:78:19: fatal error: vfork.h: No such file or directory
 #include <vfork.h>
                   ^
compilation terminated.
configure:6849: $? = 1
configure: failed program was:
| /* confdefs.h */
| #define PACKAGE_NAME "TinyMUX"
| #define PACKAGE_TARNAME "tinymux"
| #define PACKAGE_VERSION "2.10"
| #define PACKAGE_STRING "TinyMUX 2.10"
| #define PACKAGE_BUGREPORT "tinymux@googlegroups.com"
| #define PACKAGE_URL ""
| #define STDC_HEADERS 1
| #define HAVE_SYS_TYPES_H 1
| #define HAVE_SYS_STAT_H 1
| #define HAVE_STDLIB_H 1
| #define HAVE_STRING_H 1
| #define HAVE_MEMORY_H 1
| #define HAVE_STRINGS_H 1
| #define HAVE_INTTYPES_H 1
| #define HAVE_STDINT_H 1
| #define HAVE_UNISTD_H 1
| #define __EXTENSIONS__ 1
| #define _ALL_SOURCE 1
| #define _GNU_SOURCE 1
| #define _POSIX_PTHREAD_SEMANTICS 1
| #define _TANDEM_SOURCE 1
| #define HAVE_DLOPEN /**/
| #define HAVE_DIRENT_H 1
| #define STDC_HEADERS 1
| #define TIME_WITH_SYS_TIME 1
| #define HAVE_SYS_WAIT_H 1
| #define HAVE_UNISTD_H 1
| #define HAVE_STDDEF_H 1
| #define HAVE_MEMORY_H 1
| #define HAVE_STRING_H 1
| #define HAVE_ERRNO_H 1
| #define HAVE_MALLOC_H 1
| #define HAVE_SYS_SELECT_H 1
| #define HAVE_SYS_EPOLL_H 1
| #define HAVE_FCNTL_H 1
| #define HAVE_LIMITS_H 1
| #define HAVE_SYS_FILE_H 1
| #define HAVE_SYS_IOCTL_H 1
| #define HAVE_SYS_TYPES_H 1
| #define HAVE_SYS_TIME_H 1
| #define HAVE_SYS_STAT_H 1
| #define HAVE_SYS_PARAM_H 1
| #define HAVE_SYS_FCNTL_H 1
| #define HAVE_FPU_CONTROL_H 1
| #define HAVE_FENV_H 1
| #define HAVE_FLOAT_H 1
| #define HAVE_NETINET_IN_H 1
| #define HAVE_ARPA_INET_H 1
| #define HAVE_NETDB_H 1
| #define HAVE_SYS_SOCKET_H 1
| #define HAVE_STRUCT_SIGCONTEXT /**/
| #define MALLOC_IN_STDLIB_H /**/
| #define EXTENDED_STDIO_DCLS /**/
| #define EXTENDED_SOCKET_DCLS /**/
| #define HAVE_STRUCT_TM_TM_ZONE 1
| #define HAVE_TM_ZONE 1
| #define SIZEOF_SHORT 2
| #define SIZEOF_UNSIGNED_SHORT 2
| #define SIZEOF_INT 4
| #define SIZEOF_UNSIGNED_INT 4
| #define SIZEOF_LONG 8
| #define SIZEOF_UNSIGNED_LONG 8
| #define SIZEOF_LONG_LONG 8
| #define SIZEOF_UNSIGNED_LONG_LONG 8
| #define SIZEOF_VOID_P 8
| #define SOCKLEN_T_DCL /**/
| #define HAVE_DECL_SYS_SIGLIST 1
| #define WORDS_LITTLEENDIAN /**/
| #define HAVE_IN_ADDR_T /**/
| #define HAVE_IN_ADDR /**/
| #define HAVE_SOCKADDR_IN /**/
| #define HAVE_IN6_ADDR /**/
| #define HAVE_SOCKADDR_IN6 /**/
| #define HAVE_SOCKADDR_STORAGE /**/
| #define HAVE_VPRINTF 1
| /* end confdefs.h.  */
| #include <vfork.h>
configure:6849: result: no
configure:6849: checking for vfork.h
configure:6849: result: no
configure:6862: checking for fork
configure:6862: gcc -o conftest -g -O2   conftest.c -lm -lcrypt -lstdc++ >&5
conftest.c:101:6: warning: conflicting types for built-in function 'fork'
 char fork ();
      ^~~~
configure:6862: $? = 0
configure:6862: result: yes
configure:6862: checking for vfork
configure:6862: gcc -o conftest -g -O2   conftest.c -lm -lcrypt -lstdc++ >&5
configure:6862: $? = 0
configure:6862: result: yes
configure:6872: checking for working fork
configure:6894: gcc -o conftest -g -O2   conftest.c -lm -lcrypt -lstdc++ >&5
configure:6894: $? = 0
configure:6894: ./conftest
configure:6894: $? = 0
configure:6904: result: yes
configure:6925: checking for working vfork
configure:7035: result: yes
configure:7063: checking for crypt
configure:7063: gcc -o conftest -g -O2   conftest.c -lm -lcrypt -lstdc++ >&5
configure:7063: $? = 0
configure:7063: result: yes
configure:7063: checking for getdtablesize
configure:7063: gcc -o conftest -g -O2   conftest.c -lm -lcrypt -lstdc++ >&5
configure:7063: $? = 0
configure:7063: result: yes
configure:7063: checking for gethostbyaddr
configure:7063: gcc -o conftest -g -O2   conftest.c -lm -lcrypt -lstdc++ >&5
configure:7063: $? = 0
configure:7063: result: yes
configure:7063: checking for gethostbyname
configure:7063: gcc -o conftest -g -O2   conftest.c -lm -lcrypt -lstdc++ >&5
configure:7063: $? = 0
configure:7063: result: yes
configure:7063: checking for getnameinfo
configure:7063: gcc -o conftest -g -O2   conftest.c -lm -lcrypt -lstdc++ >&5
configure:7063: $? = 0
configure:7063: result: yes
configure:7063: checking for getaddrinfo
configure:7063: gcc -o conftest -g -O2   conftest.c -lm -lcrypt -lstdc++ >&5
configure:7063: $? = 0
configure:7063: result: yes
configure:7063: checking for inet_ntop
configure:7063: gcc -o conftest -g -O2   conftest.c -lm -lcrypt -lstdc++ >&5
configure:7063: $? = 0
configure:7063: result: yes
configure:7063: checking for inet_pton
configure:7063: gcc -o conftest -g -O2   conftest.c -lm -lcrypt -lstdc++ >&5
configure:7063: $? = 0
configure:7063: result: yes
configure:7063: checking for getpagesize
configure:7063: gcc -o conftest -g -O2   conftest.c -lm -lcrypt -lstdc++ >&5
configure:7063: $? = 0
configure:7063: result: yes
configure:7063: checking for getrusage
configure:7063: gcc -o conftest -g -O2   conftest.c -lm -lcrypt -lstdc++ >&5
configure:7063: $? = 0
configure:7063: result: yes
configure:7063: checking for gettimeofday
configure:7063: gcc -o conftest -g -O2   conftest.c -lm -lcrypt -lstdc++ >&5
configure:7063: $? = 0
configure:7063: result: yes
configure:7075: checking for localtime_r
configure:7075: gcc -o conftest -g -O2   conftest.c -lm -lcrypt -lstdc++ >&5
configure:7075: $? = 0
configure:7075: result: yes
configure:7075: checking for nanosleep
configure:7075: gcc -o conftest -g -O2   conftest.c -lm -lcrypt -lstdc++ >&5
configure:7075: $? = 0
configure:7075: result: yes
configure:7075: checking for select
configure:7075: gcc -o conftest -g -O2   conftest.c -lm -lcrypt -lstdc++ >&5
configure:7075: $? = 0
configure:7075: result: yes
configure:7075: checking for setitimer
configure:7075: gcc -o conftest -g -O2   conftest.c -lm -lcrypt -lstdc++ >&5
configure:7075: $? = 0
configure:7075: result: yes
configure:7075: checking for setrlimit
configure:7075: gcc -o conftest -g -O2   conftest.c -lm -lcrypt -lstdc++ >&5
configure:7075: $? = 0
configure:7075: result: yes
configure:7075: checking for socket
configure:7075: gcc -o conftest -g -O2   conftest.c -lm -lcrypt -lstdc++ >&5
configure:7075: $? = 0
configure:7075: result: yes
configure:7075: checking for srandom
configure:7075: gcc -o conftest -g -O2   conftest.c -lm -lcrypt -lstdc++ >&5
configure:7075: $? = 0
configure:7075: result: yes
configure:7075: checking for tzset
configure:7075: gcc -o conftest -g -O2   conftest.c -lm -lcrypt -lstdc++ >&5
configure:7075: $? = 0
configure:7075: result: yes
configure:7075: checking for usleep
configure:7075: gcc -o conftest -g -O2   conftest.c -lm -lcrypt -lstdc++ >&5
configure:7075: $? = 0
configure:7075: result: yes
configure:7075: checking for log2
configure:7075: gcc -o conftest -g -O2   conftest.c -lm -lcrypt -lstdc++ >&5
conftest.c:125:6: warning: conflicting types for built-in function 'log2'
 char log2 ();
      ^~~~
configure:7075: $? = 0
configure:7075: result: yes
configure:7087: checking for epoll_create
configure:7087: gcc -o conftest -g -O2   conftest.c -lm -lcrypt -lstdc++ >&5
configure:7087: $? = 0
configure:7087: result: yes
configure:7087: checking for epoll_ctl
configure:7087: gcc -o conftest -g -O2   conftest.c -lm -lcrypt -lstdc++ >&5
configure:7087: $? = 0
configure:7087: result: yes
configure:7087: checking for epoll_wait
configure:7087: gcc -o conftest -g -O2   conftest.c -lm -lcrypt -lstdc++ >&5
configure:7087: $? = 0
configure:7087: result: yes
configure:7087: checking for kqueue
configure:7087: gcc -o conftest -g -O2   conftest.c -lm -lcrypt -lstdc++ >&5
/tmp/ccurcsoO.o: In function `main':
/home/kerapis/MUDs/kult/src/conftest.c:140: undefined reference to `kqueue'
collect2: error: ld returned 1 exit status
configure:7087: $? = 1
configure: failed program was:
| /* confdefs.h */
| #define PACKAGE_NAME "TinyMUX"
| #define PACKAGE_TARNAME "tinymux"
| #define PACKAGE_VERSION "2.10"
| #define PACKAGE_STRING "TinyMUX 2.10"
| #define PACKAGE_BUGREPORT "tinymux@googlegroups.com"
| #define PACKAGE_URL ""
| #define STDC_HEADERS 1
| #define HAVE_SYS_TYPES_H 1
| #define HAVE_SYS_STAT_H 1
| #define HAVE_STDLIB_H 1
| #define HAVE_STRING_H 1
| #define HAVE_MEMORY_H 1
| #define HAVE_STRINGS_H 1
| #define HAVE_INTTYPES_H 1
| #define HAVE_STDINT_H 1
| #define HAVE_UNISTD_H 1
| #define __EXTENSIONS__ 1
| #define _ALL_SOURCE 1
| #define _GNU_SOURCE 1
| #define _POSIX_PTHREAD_SEMANTICS 1
| #define _TANDEM_SOURCE 1
| #define HAVE_DLOPEN /**/
| #define HAVE_DIRENT_H 1
| #define STDC_HEADERS 1
| #define TIME_WITH_SYS_TIME 1
| #define HAVE_SYS_WAIT_H 1
| #define HAVE_UNISTD_H 1
| #define HAVE_STDDEF_H 1
| #define HAVE_MEMORY_H 1
| #define HAVE_STRING_H 1
| #define HAVE_ERRNO_H 1
| #define HAVE_MALLOC_H 1
| #define HAVE_SYS_SELECT_H 1
| #define HAVE_SYS_EPOLL_H 1
| #define HAVE_FCNTL_H 1
| #define HAVE_LIMITS_H 1
| #define HAVE_SYS_FILE_H 1
| #define HAVE_SYS_IOCTL_H 1
| #define HAVE_SYS_TYPES_H 1
| #define HAVE_SYS_TIME_H 1
| #define HAVE_SYS_STAT_H 1
| #define HAVE_SYS_PARAM_H 1
| #define HAVE_SYS_FCNTL_H 1
| #define HAVE_FPU_CONTROL_H 1
| #define HAVE_FENV_H 1
| #define HAVE_FLOAT_H 1
| #define HAVE_NETINET_IN_H 1
| #define HAVE_ARPA_INET_H 1
| #define HAVE_NETDB_H 1
| #define HAVE_SYS_SOCKET_H 1
| #define HAVE_STRUCT_SIGCONTEXT /**/
| #define MALLOC_IN_STDLIB_H /**/
| #define EXTENDED_STDIO_DCLS /**/
| #define EXTENDED_SOCKET_DCLS /**/
| #define HAVE_STRUCT_TM_TM_ZONE 1
| #define HAVE_TM_ZONE 1
| #define SIZEOF_SHORT 2
| #define SIZEOF_UNSIGNED_SHORT 2
| #define SIZEOF_INT 4
| #define SIZEOF_UNSIGNED_INT 4
| #define SIZEOF_LONG 8
| #define SIZEOF_UNSIGNED_LONG 8
| #define SIZEOF_LONG_LONG 8
| #define SIZEOF_UNSIGNED_LONG_LONG 8
| #define SIZEOF_VOID_P 8
| #define SOCKLEN_T_DCL /**/
| #define HAVE_DECL_SYS_SIGLIST 1
| #define WORDS_LITTLEENDIAN /**/
| #define HAVE_IN_ADDR_T /**/
| #define HAVE_IN_ADDR /**/
| #define HAVE_SOCKADDR_IN /**/
| #define HAVE_IN6_ADDR /**/
| #define HAVE_SOCKADDR_IN6 /**/
| #define HAVE_SOCKADDR_STORAGE /**/
| #define HAVE_VPRINTF 1
| #define HAVE_FORK 1
| #define HAVE_VFORK 1
| #define HAVE_WORKING_VFORK 1
| #define HAVE_WORKING_FORK 1
| #define HAVE_CRYPT 1
| #define HAVE_GETDTABLESIZE 1
| #define HAVE_GETHOSTBYADDR 1
| #define HAVE_GETHOSTBYNAME 1
| #define HAVE_GETNAMEINFO 1
| #define HAVE_GETADDRINFO 1
| #define HAVE_INET_NTOP 1
| #define HAVE_INET_PTON 1
| #define HAVE_GETPAGESIZE 1
| #define HAVE_GETRUSAGE 1
| #define HAVE_GETTIMEOFDAY 1
| #define HAVE_LOCALTIME_R 1
| #define HAVE_NANOSLEEP 1
| #define HAVE_SELECT 1
| #define HAVE_SETITIMER 1
| #define HAVE_SETRLIMIT 1
| #define HAVE_SOCKET 1
| #define HAVE_SRANDOM 1
| #define HAVE_TZSET 1
| #define HAVE_USLEEP 1
| #define HAVE_LOG2 1
| #define HAVE_EPOLL_CREATE 1
| #define HAVE_EPOLL_CTL 1
| #define HAVE_EPOLL_WAIT 1
| /* end confdefs.h.  */
| /* Define kqueue to an innocuous variant, in case <limits.h> declares kqueue.
|    For example, HP-UX 11i <limits.h> declares gettimeofday.  */
| #define kqueue innocuous_kqueue
| 
| /* System header to define __stub macros and hopefully few prototypes,
|     which can conflict with char kqueue (); below.
|     Prefer <limits.h> to <assert.h> if __STDC__ is defined, since
|     <limits.h> exists even on freestanding compilers.  */
| 
| #ifdef __STDC__
| # include <limits.h>
| #else
| # include <assert.h>
| #endif
| 
| #undef kqueue
| 
| /* Override any GCC internal prototype to avoid an error.
|    Use char because int might match the return type of a GCC
|    builtin and then its argument prototype would still apply.  */
| #ifdef __cplusplus
| extern "C"
| #endif
| char kqueue ();
| /* The GNU C library defines this for functions which it implements
|     to always fail with ENOSYS.  Some functions are actually named
|     something starting with __ and the normal name is an alias.  */
| #if defined __stub_kqueue || defined __stub___kqueue
| choke me
| #endif
| 
| int
| main ()
| {
| return kqueue ();
|   ;
|   return 0;
| }
configure:7087: result: no
configure:7087: checking for kevent
configure:7087: gcc -o conftest -g -O2   conftest.c -lm -lcrypt -lstdc++ >&5
/tmp/ccakB1W9.o: In function `main':
/home/kerapis/MUDs/kult/src/conftest.c:140: undefined reference to `kevent'
collect2: error: ld returned 1 exit status
configure:7087: $? = 1
configure: failed program was:
| /* confdefs.h */
| #define PACKAGE_NAME "TinyMUX"
| #define PACKAGE_TARNAME "tinymux"
| #define PACKAGE_VERSION "2.10"
| #define PACKAGE_STRING "TinyMUX 2.10"
| #define PACKAGE_BUGREPORT "tinymux@googlegroups.com"
| #define PACKAGE_URL ""
| #define STDC_HEADERS 1
| #define HAVE_SYS_TYPES_H 1
| #define HAVE_SYS_STAT_H 1
| #define HAVE_STDLIB_H 1
| #define HAVE_STRING_H 1
| #define HAVE_MEMORY_H 1
| #define HAVE_STRINGS_H 1
| #define HAVE_INTTYPES_H 1
| #define HAVE_STDINT_H 1
| #define HAVE_UNISTD_H 1
| #define __EXTENSIONS__ 1
| #define _ALL_SOURCE 1
| #define _GNU_SOURCE 1
| #define _POSIX_PTHREAD_SEMANTICS 1
| #define _TANDEM_SOURCE 1
| #define HAVE_DLOPEN /**/
| #define HAVE_DIRENT_H 1
| #define STDC_HEADERS 1
| #define TIME_WITH_SYS_TIME 1
| #define HAVE_SYS_WAIT_H 1
| #define HAVE_UNISTD_H 1
| #define HAVE_STDDEF_H 1
| #define HAVE_MEMORY_H 1
| #define HAVE_STRING_H 1
| #define HAVE_ERRNO_H 1
| #define HAVE_MALLOC_H 1
| #define HAVE_SYS_SELECT_H 1
| #define HAVE_SYS_EPOLL_H 1
| #define HAVE_FCNTL_H 1
| #define HAVE_LIMITS_H 1
| #define HAVE_SYS_FILE_H 1
| #define HAVE_SYS_IOCTL_H 1
| #define HAVE_SYS_TYPES_H 1
| #define HAVE_SYS_TIME_H 1
| #define HAVE_SYS_STAT_H 1
| #define HAVE_SYS_PARAM_H 1
| #define HAVE_SYS_FCNTL_H 1
| #define HAVE_FPU_CONTROL_H 1
| #define HAVE_FENV_H 1
| #define HAVE_FLOAT_H 1
| #define HAVE_NETINET_IN_H 1
| #define HAVE_ARPA_INET_H 1
| #define HAVE_NETDB_H 1
| #define HAVE_SYS_SOCKET_H 1
| #define HAVE_STRUCT_SIGCONTEXT /**/
| #define MALLOC_IN_STDLIB_H /**/
| #define EXTENDED_STDIO_DCLS /**/
| #define EXTENDED_SOCKET_DCLS /**/
| #define HAVE_STRUCT_TM_TM_ZONE 1
| #define HAVE_TM_ZONE 1
| #define SIZEOF_SHORT 2
| #define SIZEOF_UNSIGNED_SHORT 2
| #define SIZEOF_INT 4
| #define SIZEOF_UNSIGNED_INT 4
| #define SIZEOF_LONG 8
| #define SIZEOF_UNSIGNED_LONG 8
| #define SIZEOF_LONG_LONG 8
| #define SIZEOF_UNSIGNED_LONG_LONG 8
| #define SIZEOF_VOID_P 8
| #define SOCKLEN_T_DCL /**/
| #define HAVE_DECL_SYS_SIGLIST 1
| #define WORDS_LITTLEENDIAN /**/
| #define HAVE_IN_ADDR_T /**/
| #define HAVE_IN_ADDR /**/
| #define HAVE_SOCKADDR_IN /**/
| #define HAVE_IN6_ADDR /**/
| #define HAVE_SOCKADDR_IN6 /**/
| #define HAVE_SOCKADDR_STORAGE /**/
| #define HAVE_VPRINTF 1
| #define HAVE_FORK 1
| #define HAVE_VFORK 1
| #define HAVE_WORKING_VFORK 1
| #define HAVE_WORKING_FORK 1
| #define HAVE_CRYPT 1
| #define HAVE_GETDTABLESIZE 1
| #define HAVE_GETHOSTBYADDR 1
| #define HAVE_GETHOSTBYNAME 1
| #define HAVE_GETNAMEINFO 1
| #define HAVE_GETADDRINFO 1
| #define HAVE_INET_NTOP 1
| #define HAVE_INET_PTON 1
| #define HAVE_GETPAGESIZE 1
| #define HAVE_GETRUSAGE 1
| #define HAVE_GETTIMEOFDAY 1
| #define HAVE_LOCALTIME_R 1
| #define HAVE_NANOSLEEP 1
| #define HAVE_SELECT 1
| #define HAVE_SETITIMER 1
| #define HAVE_SETRLIMIT 1
| #define HAVE_SOCKET 1
| #define HAVE_SRANDOM 1
| #define HAVE_TZSET 1
| #define HAVE_USLEEP 1
| #define HAVE_LOG2 1
| #define HAVE_EPOLL_CREATE 1
| #define HAVE_EPOLL_CTL 1
| #define HAVE_EPOLL_WAIT 1
| /* end confdefs.h.  */
| /* Define kevent to an innocuous variant, in case <limits.h> declares kevent.
|    For example, HP-UX 11i <limits.h> declares gettimeofday.  */
| #define kevent innocuous_kevent
| 
| /* System header to define __stub macros and hopefully few prototypes,
|     which can conflict with char kevent (); below.
|     Prefer <limits.h> to <assert.h> if __STDC__ is defined, since
|     <limits.h> exists even on freestanding compilers.  */
| 
| #ifdef __STDC__
| # include <limits.h>
| #else
| # include <assert.h>
| #endif
| 
| #undef kevent
| 
| /* Override any GCC internal prototype to avoid an error.
|    Use char because int might match the return type of a GCC
|    builtin and then its argument prototype would still apply.  */
| #ifdef __cplusplus
| extern "C"
| #endif
| char kevent ();
| /* The GNU C library defines this for functions which it implements
|     to always fail with ENOSYS.  Some functions are actually named
|     something starting with __ and the normal name is an alias.  */
| #if defined __stub_kevent || defined __stub___kevent
| choke me
| #endif
| 
| int
| main ()
| {
| return kevent ();
|   ;
|   return 0;
| }
configure:7087: result: no
configure:7096: checking for pread and pwrite...
configure:7112: gcc -o conftest -g -O2   conftest.c -lm -lcrypt -lstdc++ >&5
conftest.c:110:1: warning: return type defaults to 'int' [-Wimplicit-int]
 main() { pwrite(0, "abc", 3, 0); exit(0); }
 ^~~~
conftest.c: In function 'main':
conftest.c:110:34: warning: implicit declaration of function 'exit' [-Wimplicit-function-declaration]
 main() { pwrite(0, "abc", 3, 0); exit(0); }
                                  ^~~~
conftest.c:110:34: warning: incompatible implicit declaration of built-in function 'exit'
conftest.c:110:34: note: include '<stdlib.h>' or provide a declaration of 'exit'
configure:7112: $? = 0
configure:7112: ./conftest
configure:7112: $? = 0
configure:7133: checking for signal SIGCHLD braindamage...
configure:7175: gcc -o conftest -g -O2   conftest.c -lm -lcrypt -lstdc++ >&5
conftest.c:117:1: error: unknown type name 'RETSIGTYPE'
 RETSIGTYPE sighand(int sig, int code)
 ^~~~~~~~~~
conftest.c: In function 'sighand':
conftest.c:122:5: warning: implicit declaration of function 'exit' [-Wimplicit-function-declaration]
     exit(1);
     ^~~~
conftest.c:122:5: warning: incompatible implicit declaration of built-in function 'exit'
conftest.c:122:5: note: include '<stdlib.h>' or provide a declaration of 'exit'
conftest.c:123:19: warning: passing argument 2 of 'signal' from incompatible pointer type [-Wincompatible-pointer-types]
   signal(SIGCHLD, sighand);
                   ^~~~~~~
In file included from conftest.c:109:0:
/usr/include/signal.h:102:23: note: expected '__sighandler_t {aka void (*)(int)}' but argument is of type 'int (*)(int,  int)'
 extern __sighandler_t signal (int __sig, __sighandler_t __handler)
                       ^~~~~~
conftest.c:124:3: warning: implicit declaration of function 'wait' [-Wimplicit-function-declaration]
   wait(&stat);
   ^~~~
conftest.c:125:3: warning: 'return' with no value, in function returning non-void
   return;
   ^~~~~~
conftest.c:117:12: note: declared here
 RETSIGTYPE sighand(int sig, int code)
            ^~~~~~~
conftest.c: In function 'main':
conftest.c:131:19: warning: passing argument 2 of 'signal' from incompatible pointer type [-Wincompatible-pointer-types]
   signal(SIGCHLD, sighand);
                   ^~~~~~~
In file included from conftest.c:109:0:
/usr/include/signal.h:102:23: note: expected '__sighandler_t {aka void (*)(int)}' but argument is of type 'int (*)(int,  int)'
 extern __sighandler_t signal (int __sig, __sighandler_t __handler)
                       ^~~~~~
conftest.c:132:7: warning: implicit declaration of function 'fork' [-Wimplicit-function-declaration]
   if (fork()) {
       ^~~~
conftest.c:133:5: warning: implicit declaration of function 'sleep' [-Wimplicit-function-declaration]
     sleep(10);
     ^~~~~
conftest.c:136:5: warning: incompatible implicit declaration of built-in function 'exit'
     exit(1);
     ^~~~
conftest.c:136:5: note: include '<stdlib.h>' or provide a declaration of 'exit'
conftest.c:138:3: warning: incompatible implicit declaration of built-in function 'exit'
   exit(0);
   ^~~~
conftest.c:138:3: note: include '<stdlib.h>' or provide a declaration of 'exit'
configure:7175: $? = 1
configure: program exited with status 1
configure: failed program was:
| /* confdefs.h */
| #define PACKAGE_NAME "TinyMUX"
| #define PACKAGE_TARNAME "tinymux"
| #define PACKAGE_VERSION "2.10"
| #define PACKAGE_STRING "TinyMUX 2.10"
| #define PACKAGE_BUGREPORT "tinymux@googlegroups.com"
| #define PACKAGE_URL ""
| #define STDC_HEADERS 1
| #define HAVE_SYS_TYPES_H 1
| #define HAVE_SYS_STAT_H 1
| #define HAVE_STDLIB_H 1
| #define HAVE_STRING_H 1
| #define HAVE_MEMORY_H 1
| #define HAVE_STRINGS_H 1
| #define HAVE_INTTYPES_H 1
| #define HAVE_STDINT_H 1
| #define HAVE_UNISTD_H 1
| #define __EXTENSIONS__ 1
| #define _ALL_SOURCE 1
| #define _GNU_SOURCE 1
| #define _POSIX_PTHREAD_SEMANTICS 1
| #define _TANDEM_SOURCE 1
| #define HAVE_DLOPEN /**/
| #define HAVE_DIRENT_H 1
| #define STDC_HEADERS 1
| #define TIME_WITH_SYS_TIME 1
| #define HAVE_SYS_WAIT_H 1
| #define HAVE_UNISTD_H 1
| #define HAVE_STDDEF_H 1
| #define HAVE_MEMORY_H 1
| #define HAVE_STRING_H 1
| #define HAVE_ERRNO_H 1
| #define HAVE_MALLOC_H 1
| #define HAVE_SYS_SELECT_H 1
| #define HAVE_SYS_EPOLL_H 1
| #define HAVE_FCNTL_H 1
| #define HAVE_LIMITS_H 1
| #define HAVE_SYS_FILE_H 1
| #define HAVE_SYS_IOCTL_H 1
| #define HAVE_SYS_TYPES_H 1
| #define HAVE_SYS_TIME_H 1
| #define HAVE_SYS_STAT_H 1
| #define HAVE_SYS_PARAM_H 1
| #define HAVE_SYS_FCNTL_H 1
| #define HAVE_FPU_CONTROL_H 1
| #define HAVE_FENV_H 1
| #define HAVE_FLOAT_H 1
| #define HAVE_NETINET_IN_H 1
| #define HAVE_ARPA_INET_H 1
| #define HAVE_NETDB_H 1
| #define HAVE_SYS_SOCKET_H 1
| #define HAVE_STRUCT_SIGCONTEXT /**/
| #define MALLOC_IN_STDLIB_H /**/
| #define EXTENDED_STDIO_DCLS /**/
| #define EXTENDED_SOCKET_DCLS /**/
| #define HAVE_STRUCT_TM_TM_ZONE 1
| #define HAVE_TM_ZONE 1
| #define SIZEOF_SHORT 2
| #define SIZEOF_UNSIGNED_SHORT 2
| #define SIZEOF_INT 4
| #define SIZEOF_UNSIGNED_INT 4
| #define SIZEOF_LONG 8
| #define SIZEOF_UNSIGNED_LONG 8
| #define SIZEOF_LONG_LONG 8
| #define SIZEOF_UNSIGNED_LONG_LONG 8
| #define SIZEOF_VOID_P 8
| #define SOCKLEN_T_DCL /**/
| #define HAVE_DECL_SYS_SIGLIST 1
| #define WORDS_LITTLEENDIAN /**/
| #define HAVE_IN_ADDR_T /**/
| #define HAVE_IN_ADDR /**/
| #define HAVE_SOCKADDR_IN /**/
| #define HAVE_IN6_ADDR /**/
| #define HAVE_SOCKADDR_IN6 /**/
| #define HAVE_SOCKADDR_STORAGE /**/
| #define HAVE_VPRINTF 1
| #define HAVE_FORK 1
| #define HAVE_VFORK 1
| #define HAVE_WORKING_VFORK 1
| #define HAVE_WORKING_FORK 1
| #define HAVE_CRYPT 1
| #define HAVE_GETDTABLESIZE 1
| #define HAVE_GETHOSTBYADDR 1
| #define HAVE_GETHOSTBYNAME 1
| #define HAVE_GETNAMEINFO 1
| #define HAVE_GETADDRINFO 1
| #define HAVE_INET_NTOP 1
| #define HAVE_INET_PTON 1
| #define HAVE_GETPAGESIZE 1
| #define HAVE_GETRUSAGE 1
| #define HAVE_GETTIMEOFDAY 1
| #define HAVE_LOCALTIME_R 1
| #define HAVE_NANOSLEEP 1
| #define HAVE_SELECT 1
| #define HAVE_SETITIMER 1
| #define HAVE_SETRLIMIT 1
| #define HAVE_SOCKET 1
| #define HAVE_SRANDOM 1
| #define HAVE_TZSET 1
| #define HAVE_USLEEP 1
| #define HAVE_LOG2 1
| #define HAVE_EPOLL_CREATE 1
| #define HAVE_EPOLL_CTL 1
| #define HAVE_EPOLL_WAIT 1
| #define HAVE_PREAD /**/
| #define HAVE_PWRITE /**/
| /* end confdefs.h.  */
| 
| #include <signal.h>
| 
| #ifndef SIGCHLD
| #define SIGCHLD SIGCLD
| #endif
| 
| int rlev;
| 
| RETSIGTYPE sighand(int sig, int code)
| {
|   int stat;
| 
|   if (rlev++ > 2)
|     exit(1);
|   signal(SIGCHLD, sighand);
|   wait(&stat);
|   return;
| }
| 
| int main(int argc, char *argv[])
| {
|   rlev = 0;
|   signal(SIGCHLD, sighand);
|   if (fork()) {
|     sleep(10);
|   } else {
|     sleep(2);
|     exit(1);
|   }
|   exit(0);
| }
| 
configure:7187: checking for IEEE floating-point format...
configure:7214: gcc -o conftest -g -O2   conftest.c -lm -lcrypt -lstdc++ >&5
configure:7214: $? = 0
configure:7214: ./conftest
configure:7214: $? = 0
configure:7227: checking for IEEE floating-point exception handling...
configure:7258: gcc -o conftest -g -O2   conftest.c -lm -lcrypt -lstdc++ >&5
configure:7258: $? = 0
configure:7258: ./conftest
configure:7258: $? = 0
configure:7271: checking for how division/moduli of negative quotients are handled...
configure:7293: gcc -o conftest -g -O2   conftest.c -lm -lcrypt -lstdc++ >&5
configure:7293: $? = 0
configure:7293: ./conftest
configure:7293: $? = 0
configure:7307: checking whether unaligned 'short' access is permitted...
configure:7327: gcc -o conftest -g -O2   conftest.c -lm -lcrypt -lstdc++ >&5
configure:7327: $? = 0
configure:7327: ./conftest
configure:7327: $? = 0
configure:7336: checking whether unaligned 'int' access is permitted...
configure:7356: gcc -o conftest -g -O2   conftest.c -lm -lcrypt -lstdc++ >&5
configure:7356: $? = 0
configure:7356: ./conftest
configure:7356: $? = 0
configure:7365: checking whether unaligned 'long' access is permitted...
configure:7385: gcc -o conftest -g -O2   conftest.c -lm -lcrypt -lstdc++ >&5
configure:7385: $? = 0
configure:7385: ./conftest
configure:7385: $? = 0
configure:7394: checking whether unaligned 'long long' access is permitted...
configure:7414: gcc -o conftest -g -O2   conftest.c -lm -lcrypt -lstdc++ >&5
configure:7414: $? = 0
configure:7414: ./conftest
configure:7414: $? = 0
configure:7436: gcc -c -g -O2  conftest.c >&5
configure:7436: $? = 0
configure:7442: checking for /dev/urandom...
configure:7571: creating ./config.status

## ---------------------- ##
## Running config.status. ##
## ---------------------- ##

This file was extended by TinyMUX config.status 2.10, which was
generated by GNU Autoconf 2.69.  Invocation command line was

  CONFIG_FILES    = 
  CONFIG_HEADERS  = 
  CONFIG_LINKS    = 
  CONFIG_COMMANDS = 
  $ ./config.status 

on ThinkCentre

config.status:932: creating Makefile
config.status:932: creating autoconf.h
config.status:1102: autoconf.h is unchanged
configure:8795: === configuring in modules (/home/kerapis/MUDs/kult/src/modules)
configure:8858: running /bin/bash ./configure --disable-option-checking '--prefix=/usr/local'  '--enable-realitylvls' --cache-file=/dev/null --srcdir=.

## ---------------- ##
## Cache variables. ##
## ---------------- ##

ac_cv_build=x86_64-pc-linux-gnu
ac_cv_c_bigendian=no
ac_cv_c_compiler_gnu=yes
ac_cv_c_const=yes
ac_cv_c_inline=inline
ac_cv_cxx_compiler_gnu=yes
ac_cv_env_CCC_set=
ac_cv_env_CCC_value=
ac_cv_env_CC_set=
ac_cv_env_CC_value=
ac_cv_env_CFLAGS_set=
ac_cv_env_CFLAGS_value=
ac_cv_env_CPPFLAGS_set=
ac_cv_env_CPPFLAGS_value=
ac_cv_env_CPP_set=
ac_cv_env_CPP_value=
ac_cv_env_CXXCPP_set=
ac_cv_env_CXXCPP_value=
ac_cv_env_CXXFLAGS_set=
ac_cv_env_CXXFLAGS_value=
ac_cv_env_CXX_set=
ac_cv_env_CXX_value=
ac_cv_env_LDFLAGS_set=
ac_cv_env_LDFLAGS_value=
ac_cv_env_LIBS_set=
ac_cv_env_LIBS_value=
ac_cv_env_build_alias_set=
ac_cv_env_build_alias_value=
ac_cv_env_host_alias_set=
ac_cv_env_host_alias_value=
ac_cv_env_target_alias_set=
ac_cv_env_target_alias_value=
ac_cv_func__doprnt=no
ac_cv_func_crypt=yes
ac_cv_func_epoll_create=yes
ac_cv_func_epoll_ctl=yes
ac_cv_func_epoll_wait=yes
ac_cv_func_fork=yes
ac_cv_func_fork_works=yes
ac_cv_func_getaddrinfo=yes
ac_cv_func_getdtablesize=yes
ac_cv_func_gethostbyaddr=yes
ac_cv_func_gethostbyname=yes
ac_cv_func_getnameinfo=yes
ac_cv_func_getpagesize=yes
ac_cv_func_getrusage=yes
ac_cv_func_gettimeofday=yes
ac_cv_func_inet_ntop=yes
ac_cv_func_inet_pton=yes
ac_cv_func_kevent=no
ac_cv_func_kqueue=no
ac_cv_func_localtime_r=yes
ac_cv_func_log2=yes
ac_cv_func_nanosleep=yes
ac_cv_func_select=yes
ac_cv_func_setitimer=yes
ac_cv_func_setrlimit=yes
ac_cv_func_socket=yes
ac_cv_func_srandom=yes
ac_cv_func_tzset=yes
ac_cv_func_usleep=yes
ac_cv_func_vfork=yes
ac_cv_func_vfork_works=yes
ac_cv_func_vprintf=yes
ac_cv_have_decl_sys_siglist=yes
ac_cv_header_arpa_inet_h=yes
ac_cv_header_dirent_dirent_h=yes
ac_cv_header_errno_h=yes
ac_cv_header_fcntl_h=yes
ac_cv_header_fenv_h=yes
ac_cv_header_float_h=yes
ac_cv_header_fpu_control_h=yes
ac_cv_header_ieeefp_h=no
ac_cv_header_inttypes_h=yes
ac_cv_header_limits_h=yes
ac_cv_header_malloc_h=yes
ac_cv_header_memory_h=yes
ac_cv_header_minix_config_h=no
ac_cv_header_netdb_h=yes
ac_cv_header_netinet_in_h=yes
ac_cv_header_stdc=yes
ac_cv_header_stddef_h=yes
ac_cv_header_stdint_h=yes
ac_cv_header_stdlib_h=yes
ac_cv_header_string_h=yes
ac_cv_header_strings_h=yes
ac_cv_header_sys_epoll_h=yes
ac_cv_header_sys_event_h=no
ac_cv_header_sys_fcntl_h=yes
ac_cv_header_sys_file_h=yes
ac_cv_header_sys_ioctl_h=yes
ac_cv_header_sys_param_h=yes
ac_cv_header_sys_select_h=yes
ac_cv_header_sys_socket_h=yes
ac_cv_header_sys_stat_h=yes
ac_cv_header_sys_time_h=yes
ac_cv_header_sys_types_h=yes
ac_cv_header_sys_wait_h=yes
ac_cv_header_time=yes
ac_cv_header_unistd_h=yes
ac_cv_header_vfork_h=no
ac_cv_host=x86_64-pc-linux-gnu
ac_cv_member_struct_tm_tm_zone=yes
ac_cv_objext=o
ac_cv_path_EGREP='/bin/grep -E'
ac_cv_path_GREP=/bin/grep
ac_cv_prog_CPP='gcc -E'
ac_cv_prog_CXXCPP='g++ -E'
ac_cv_prog_ac_ct_CC=gcc
ac_cv_prog_ac_ct_CXX=g++
ac_cv_prog_cc_c89=
ac_cv_prog_cc_g=yes
ac_cv_prog_cxx_g=yes
ac_cv_safe_to_define___extensions__=yes
ac_cv_search_crypt=-lcrypt
ac_cv_search_dlopen=-ldl
ac_cv_search_gethostbyname='none required'
ac_cv_search_inet_addr='none required'
ac_cv_search_opendir='none required'
ac_cv_search_socket='none required'
ac_cv_search_sqrt=-lm
ac_cv_search_strerror='none required'
ac_cv_sizeof_int=4
ac_cv_sizeof_long=8
ac_cv_sizeof_long_long=8
ac_cv_sizeof_short=2
ac_cv_sizeof_unsigned_int=4
ac_cv_sizeof_unsigned_long=8
ac_cv_sizeof_unsigned_long_long=8
ac_cv_sizeof_unsigned_short=2
ac_cv_sizeof_void_p=8
ac_cv_struct_tm=time.h
ac_cv_type_off_t=yes
ac_cv_type_pid_t=yes
ac_cv_type_size_t=yes

## ----------------- ##
## Output variables. ##
## ----------------- ##

CC='gcc'
CFLAGS='-g -O2'
CPP='gcc -E'
CPPFLAGS=''
CXX='g++'
CXXCPP='g++ -E'
CXXFLAGS='-g -O2'
DEFS='-DHAVE_CONFIG_H'
DEPRECATED=''
DL_LIB='-ldl'
DYNAMICLIB_CPPFLAGS='-shared -fPIC'
DYNAMICLIB_EXT='so'
DYNAMICLIB_TARGET='libmux.so'
ECHO_C=''
ECHO_N='-n'
ECHO_T=''
EGREP='/bin/grep -E'
EXEEXT=''
FIRANLIBS=''
FIRANMUX=''
GREP='/bin/grep'
INLINESQL=''
INLINESQL_INCLUDE=''
INLINESQL_LIBPATH=''
INLINESQL_LIBS=''
LDFLAGS=''
LIBOBJS=''
LIBS='-lm -lcrypt -lstdc++'
LTLIBOBJS=''
MEMORY_BASED=''
MUX_LIBS='-lmux'
OBJEXT='o'
PACKAGE_BUGREPORT='tinymux@googlegroups.com'
PACKAGE_NAME='TinyMUX'
PACKAGE_STRING='TinyMUX 2.10'
PACKAGE_TARNAME='tinymux'
PACKAGE_URL=''
PACKAGE_VERSION='2.10'
PATH_SEPARATOR=':'
REALITY_LVLS='-DREALITY_LVLS'
REALITY_OBJ='levels.o'
REALITY_SRC='levels.cpp'
SELFCHECK=''
SHELL='/bin/bash'
SSL=''
SSL_LIBS=''
STUBSLAVE_TARGET=''
STUB_SLAVE=''
WOD_REALMS=''
ac_ct_CC='gcc'
ac_ct_CXX='g++'
bindir='${exec_prefix}/bin'
build='x86_64-pc-linux-gnu'
build_alias=''
build_cpu='x86_64'
build_os='linux-gnu'
build_vendor='pc'
datadir='${datarootdir}'
datarootdir='${prefix}/share'
docdir='${datarootdir}/doc/${PACKAGE_TARNAME}'
dvidir='${docdir}'
exec_prefix='${prefix}'
host='x86_64-pc-linux-gnu'
host_alias=''
host_cpu='x86_64'
host_os='linux-gnu'
host_vendor='pc'
htmldir='${docdir}'
includedir='${prefix}/include'
infodir='${datarootdir}/info'
libdir='${exec_prefix}/lib'
libexecdir='${exec_prefix}/libexec'
localedir='${datarootdir}/locale'
localstatedir='${prefix}/var'
mandir='${datarootdir}/man'
oldincludedir='/usr/include'
pdfdir='${docdir}'
prefix='/usr/local'
program_transform_name='s,x,x,'
psdir='${docdir}'
runstatedir='${localstatedir}/run'
sbindir='${exec_prefix}/sbin'
sharedstatedir='${prefix}/com'
subdirs=' modules'
sysconfdir='${prefix}/etc'
target_alias=''

## ----------- ##
## confdefs.h. ##
## ----------- ##

/* confdefs.h */
#define PACKAGE_NAME "TinyMUX"
#define PACKAGE_TARNAME "tinymux"
#define PACKAGE_VERSION "2.10"
#define PACKAGE_STRING "TinyMUX 2.10"
#define PACKAGE_BUGREPORT "tinymux@googlegroups.com"
#define PACKAGE_URL ""
#define STDC_HEADERS 1
#define HAVE_SYS_TYPES_H 1
#define HAVE_SYS_STAT_H 1
#define HAVE_STDLIB_H 1
#define HAVE_STRING_H 1
#define HAVE_MEMORY_H 1
#define HAVE_STRINGS_H 1
#define HAVE_INTTYPES_H 1
#define HAVE_STDINT_H 1
#define HAVE_UNISTD_H 1
#define __EXTENSIONS__ 1
#define _ALL_SOURCE 1
#define _GNU_SOURCE 1
#define _POSIX_PTHREAD_SEMANTICS 1
#define _TANDEM_SOURCE 1
#define HAVE_DLOPEN /**/
#define HAVE_DIRENT_H 1
#define STDC_HEADERS 1
#define TIME_WITH_SYS_TIME 1
#define HAVE_SYS_WAIT_H 1
#define HAVE_UNISTD_H 1
#define HAVE_STDDEF_H 1
#define HAVE_MEMORY_H 1
#define HAVE_STRING_H 1
#define HAVE_ERRNO_H 1
#define HAVE_MALLOC_H 1
#define HAVE_SYS_SELECT_H 1
#define HAVE_SYS_EPOLL_H 1
#define HAVE_FCNTL_H 1
#define HAVE_LIMITS_H 1
#define HAVE_SYS_FILE_H 1
#define HAVE_SYS_IOCTL_H 1
#define HAVE_SYS_TYPES_H 1
#define HAVE_SYS_TIME_H 1
#define HAVE_SYS_STAT_H 1
#define HAVE_SYS_PARAM_H 1
#define HAVE_SYS_FCNTL_H 1
#define HAVE_FPU_CONTROL_H 1
#define HAVE_FENV_H 1
#define HAVE_FLOAT_H 1
#define HAVE_NETINET_IN_H 1
#define HAVE_ARPA_INET_H 1
#define HAVE_NETDB_H 1
#define HAVE_SYS_SOCKET_H 1
#define HAVE_STRUCT_SIGCONTEXT /**/
#define MALLOC_IN_STDLIB_H /**/
#define EXTENDED_STDIO_DCLS /**/
#define EXTENDED_SOCKET_DCLS /**/
#define HAVE_STRUCT_TM_TM_ZONE 1
#define HAVE_TM_ZONE 1
#define SIZEOF_SHORT 2
#define SIZEOF_UNSIGNED_SHORT 2
#define SIZEOF_INT 4
#define SIZEOF_UNSIGNED_INT 4
#define SIZEOF_LONG 8
#define SIZEOF_UNSIGNED_LONG 8
#define SIZEOF_LONG_LONG 8
#define SIZEOF_UNSIGNED_LONG_LONG 8
#define SIZEOF_VOID_P 8
#define SOCKLEN_T_DCL /**/
#define HAVE_DECL_SYS_SIGLIST 1
#define WORDS_LITTLEENDIAN /**/
#define HAVE_IN_ADDR_T /**/
#define HAVE_IN_ADDR /**/
#define HAVE_SOCKADDR_IN /**/
#define HAVE_IN6_ADDR /**/
#define HAVE_SOCKADDR_IN6 /**/
#define HAVE_SOCKADDR_STORAGE /**/
#define HAVE_VPRINTF 1
#define HAVE_FORK 1
#define HAVE_VFORK 1
#define HAVE_WORKING_VFORK 1
#define HAVE_WORKING_FORK 1
#define HAVE_CRYPT 1
#define HAVE_GETDTABLESIZE 1
#define HAVE_GETHOSTBYADDR 1
#define HAVE_GETHOSTBYNAME 1
#define HAVE_GETNAMEINFO 1
#define HAVE_GETADDRINFO 1
#define HAVE_INET_NTOP 1
#define HAVE_INET_PTON 1
#define HAVE_GETPAGESIZE 1
#define HAVE_GETRUSAGE 1
#define HAVE_GETTIMEOFDAY 1
#define HAVE_LOCALTIME_R 1
#define HAVE_NANOSLEEP 1
#define HAVE_SELECT 1
#define HAVE_SETITIMER 1
#define HAVE_SETRLIMIT 1
#define HAVE_SOCKET 1
#define HAVE_SRANDOM 1
#define HAVE_TZSET 1
#define HAVE_USLEEP 1
#define HAVE_LOG2 1
#define HAVE_EPOLL_CREATE 1
#define HAVE_EPOLL_CTL 1
#define HAVE_EPOLL_WAIT 1
#define HAVE_PREAD /**/
#define HAVE_PWRITE /**/
#define SIGNAL_SIGCHLD_BRAINDAMAGE /**/
#define HAVE_IEEE_FP_FORMAT /**/
#define HAVE_IEEE_FP_SNAN /**/
#define SMALLEST_INT_GTE_NEG_QUOTIENT /**/
#define CAN_UNALIGN_SHORT /**/
#define CAN_UNALIGN_INT /**/
#define CAN_UNALIGN_LONG /**/
#define CAN_UNALIGN_LONGLONG /**/
#define HAVE_LINGER /**/
#define HAVE_DEV_URANDOM /**/

configure: exit 0
