This file contains any messages produced by compilers while
running configure, to aid debugging if configure makes a mistake.

It was created by TinyMUX configure 2.10, which was
generated by GNU Autoconf 2.69.  Invocation command line was

  $ ./configure --disable-option-checking --prefix=/usr/local --enable-realitylvls --cache-file=/dev/null --srcdir=.

## --------- ##
## Platform. ##
## --------- ##

hostname = ThinkCentre
uname -m = x86_64
uname -r = 4.9.0-5-amd64
uname -s = Linux
uname -v = #1 SMP Debian 4.9.65-3+deb9u2 (2018-01-04)

/usr/bin/uname -p = unknown
/bin/uname -X     = unknown

/bin/arch              = unknown
/usr/bin/arch -k       = unknown
/usr/convex/getsysinfo = unknown
/usr/bin/hostinfo      = unknown
/bin/machine           = unknown
/usr/bin/oslevel       = unknown
/bin/universe          = unknown

PATH: /usr/local/bin
PATH: /usr/bin
PATH: /bin
PATH: /usr/local/games
PATH: /usr/games
PATH: /home/kerapis/Scripts
PATH: /home/kerapis/Mining
PATH: /usr/local/inferno/Linux/386/bin
PATH: /media/HDD2/Plan9/scripts
PATH: /usr/local/plan9/bin


## ----------- ##
## Core tests. ##
## ----------- ##

configure:2177: checking for location of SQL header files
configure:2200: result: Unknown. Use --with-mysql-include with path
configure:2208: checking for location of SQL library files
configure:2231: result: Unknown. Use --with-mysql-libs with path
configure:2299: checking for g++
configure:2315: found /usr/bin/g++
configure:2326: result: g++
configure:2353: checking for C++ compiler version
configure:2362: g++ --version >&5
g++ (Debian 6.3.0-18) 6.3.0 20170516
Copyright (C) 2016 Free Software Foundation, Inc.
This is free software; see the source for copying conditions.  There is NO
warranty; not even for MERCHANTABILITY or FITNESS FOR A PARTICULAR PURPOSE.

configure:2373: $? = 0
configure:2362: g++ -v >&5
Using built-in specs.
COLLECT_GCC=g++
COLLECT_LTO_WRAPPER=/usr/lib/gcc/x86_64-linux-gnu/6/lto-wrapper
Target: x86_64-linux-gnu
Configured with: ../src/configure -v --with-pkgversion='Debian 6.3.0-18' --with-bugurl=file:///usr/share/doc/gcc-6/README.Bugs --enable-languages=c,ada,c++,java,go,d,fortran,objc,obj-c++ --prefix=/usr --program-suffix=-6 --program-prefix=x86_64-linux-gnu- --enable-shared --enable-linker-build-id --libexecdir=/usr/lib --without-included-gettext --enable-threads=posix --libdir=/usr/lib --enable-nls --with-sysroot=/ --enable-clocale=gnu --enable-libstdcxx-debug --enable-libstdcxx-time=yes --with-default-libstdcxx-abi=new --enable-gnu-unique-object --disable-vtable-verify --enable-libmpx --enable-plugin --enable-default-pie --with-system-zlib --disable-browser-plugin --enable-java-awt=gtk --enable-gtk-cairo --with-java-home=/usr/lib/jvm/java-1.5.0-gcj-6-amd64/jre --enable-java-home --with-jvm-root-dir=/usr/lib/jvm/java-1.5.0-gcj-6-amd64 --with-jvm-jar-dir=/usr/lib/jvm-exports/java-1.5.0-gcj-6-amd64 --with-arch-directory=amd64 --with-ecj-jar=/usr/share/java/eclipse-ecj.jar --with-target-system-zlib --enable-objc-gc=auto --enable-multiarch --with-arch-32=i686 --with-abi=m64 --with-multilib-list=m32,m64,mx32 --enable-multilib --with-tune=generic --enable-checking=release --build=x86_64-linux-gnu --host=x86_64-linux-gnu --target=x86_64-linux-gnu
Thread model: posix
gcc version 6.3.0 20170516 (Debian 6.3.0-18) 
configure:2373: $? = 0
configure:2362: g++ -V >&5
g++: error: unrecognized command line option '-V'
g++: fatal error: no input files
compilation terminated.
configure:2373: $? = 1
configure:2362: g++ -qversion >&5
g++: error: unrecognized command line option '-qversion'; did you mean '--version'?
g++: fatal error: no input files
compilation terminated.
configure:2373: $? = 1
configure:2393: checking whether the C++ compiler works
configure:2415: g++    conftest.cpp  >&5
configure:2419: $? = 0
configure:2467: result: yes
configure:2470: checking for C++ compiler default output file name
configure:2472: result: a.out
configure:2478: checking for suffix of executables
configure:2485: g++ -o conftest    conftest.cpp  >&5
configure:2489: $? = 0
configure:2511: result: 
configure:2533: checking whether we are cross compiling
configure:2541: g++ -o conftest    conftest.cpp  >&5
configure:2545: $? = 0
configure:2552: ./conftest
configure:2556: $? = 0
configure:2571: result: no
configure:2576: checking for suffix of object files
configure:2598: g++ -c   conftest.cpp >&5
configure:2602: $? = 0
configure:2623: result: o
configure:2627: checking whether we are using the GNU C++ compiler
configure:2646: g++ -c   conftest.cpp >&5
configure:2646: $? = 0
configure:2655: result: yes
configure:2664: checking whether g++ accepts -g
configure:2684: g++ -c -g  conftest.cpp >&5
configure:2684: $? = 0
configure:2725: result: yes
configure:2753: checking how to run the C++ preprocessor
configure:2780: g++ -E  conftest.cpp
configure:2780: $? = 0
configure:2794: g++ -E  conftest.cpp
conftest.cpp:9:28: fatal error: ac_nonexistent.h: No such file or directory
 #include <ac_nonexistent.h>
                            ^
compilation terminated.
configure:2794: $? = 1
configure: failed program was:
| /* confdefs.h */
| #define PACKAGE_NAME "TinyMUX"
| #define PACKAGE_TARNAME "tinymux"
| #define PACKAGE_VERSION "2.10"
| #define PACKAGE_STRING "TinyMUX 2.10"
| #define PACKAGE_BUGREPORT "tinymux@googlegroups.com"
| #define PACKAGE_URL ""
| /* end confdefs.h.  */
| #include <ac_nonexistent.h>
configure:2819: result: g++ -E
configure:2839: g++ -E  conftest.cpp
configure:2839: $? = 0
configure:2853: g++ -E  conftest.cpp
conftest.cpp:9:28: fatal error: ac_nonexistent.h: No such file or directory
 #include <ac_nonexistent.h>
                            ^
compilation terminated.
configure:2853: $? = 1
configure: failed program was:
| /* confdefs.h */
| #define PACKAGE_NAME "TinyMUX"
| #define PACKAGE_TARNAME "tinymux"
| #define PACKAGE_VERSION "2.10"
| #define PACKAGE_STRING "TinyMUX 2.10"
| #define PACKAGE_BUGREPORT "tinymux@googlegroups.com"
| #define PACKAGE_URL ""
| /* end confdefs.h.  */
| #include <ac_nonexistent.h>
configure:2929: checking for gcc
configure:2945: found /usr/bin/gcc
configure:2956: result: gcc
configure:3185: checking for C compiler version
configure:3194: gcc --version >&5
gcc (Debian 6.3.0-18) 6.3.0 20170516
Copyright (C) 2016 Free Software Foundation, Inc.
This is free software; see the source for copying conditions.  There is NO
warranty; not even for MERCHANTABILITY or FITNESS FOR A PARTICULAR PURPOSE.

configure:3205: $? = 0
configure:3194: gcc -v >&5
Using built-in specs.
COLLECT_GCC=gcc
COLLECT_LTO_WRAPPER=/usr/lib/gcc/x86_64-linux-gnu/6/lto-wrapper
Target: x86_64-linux-gnu
Configured with: ../src/configure -v --with-pkgversion='Debian 6.3.0-18' --with-bugurl=file:///usr/share/doc/gcc-6/README.Bugs --enable-languages=c,ada,c++,java,go,d,fortran,objc,obj-c++ --prefix=/usr --program-suffix=-6 --program-prefix=x86_64-linux-gnu- --enable-shared --enable-linker-build-id --libexecdir=/usr/lib --without-included-gettext --enable-threads=posix --libdir=/usr/lib --enable-nls --with-sysroot=/ --enable-clocale=gnu --enable-libstdcxx-debug --enable-libstdcxx-time=yes --with-default-libstdcxx-abi=new --enable-gnu-unique-object --disable-vtable-verify --enable-libmpx --enable-plugin --enable-default-pie --with-system-zlib --disable-browser-plugin --enable-java-awt=gtk --enable-gtk-cairo --with-java-home=/usr/lib/jvm/java-1.5.0-gcj-6-amd64/jre --enable-java-home --with-jvm-root-dir=/usr/lib/jvm/java-1.5.0-gcj-6-amd64 --with-jvm-jar-dir=/usr/lib/jvm-exports/java-1.5.0-gcj-6-amd64 --with-arch-directory=amd64 --with-ecj-jar=/usr/share/java/eclipse-ecj.jar --with-target-system-zlib --enable-objc-gc=auto --enable-multiarch --with-arch-32=i686 --with-abi=m64 --with-multilib-list=m32,m64,mx32 --enable-multilib --with-tune=generic --enable-checking=release --build=x86_64-linux-gnu --host=x86_64-linux-gnu --target=x86_64-linux-gnu
Thread model: posix
gcc version 6.3.0 20170516 (Debian 6.3.0-18) 
configure:3205: $? = 0
configure:3194: gcc -V >&5
gcc: error: unrecognized command line option '-V'
gcc: fatal error: no input files
compilation terminated.
configure:3205: $? = 1
configure:3194: gcc -qversion >&5
gcc: error: unrecognized command line option '-qversion'; did you mean '--version'?
gcc: fatal error: no input files
compilation terminated.
configure:3205: $? = 1
configure:3209: checking whether we are using the GNU C compiler
configure:3228: gcc -c   conftest.c >&5
configure:3228: $? = 0
configure:3237: result: yes
configure:3246: checking whether gcc accepts -g
configure:3266: gcc -c -g  conftest.c >&5
configure:3266: $? = 0
configure:3307: result: yes
configure:3324: checking for gcc option to accept ISO C89
configure:3387: gcc  -c -g -O2  conftest.c >&5
configure:3387: $? = 0
configure:3400: result: none needed
configure:3425: checking how to run the C preprocessor
configure:3456: gcc -E  conftest.c
configure:3456: $? = 0
configure:3470: gcc -E  conftest.c
conftest.c:9:28: fatal error: ac_nonexistent.h: No such file or directory
 #include <ac_nonexistent.h>
                            ^
compilation terminated.
configure:3470: $? = 1
configure: failed program was:
| /* confdefs.h */
| #define PACKAGE_NAME "TinyMUX"
| #define PACKAGE_TARNAME "tinymux"
| #define PACKAGE_VERSION "2.10"
| #define PACKAGE_STRING "TinyMUX 2.10"
| #define PACKAGE_BUGREPORT "tinymux@googlegroups.com"
| #define PACKAGE_URL ""
| /* end confdefs.h.  */
| #include <ac_nonexistent.h>
configure:3495: result: gcc -E
configure:3515: gcc -E  conftest.c
configure:3515: $? = 0
configure:3529: gcc -E  conftest.c
conftest.c:9:28: fatal error: ac_nonexistent.h: No such file or directory
 #include <ac_nonexistent.h>
                            ^
compilation terminated.
configure:3529: $? = 1
configure: failed program was:
| /* confdefs.h */
| #define PACKAGE_NAME "TinyMUX"
| #define PACKAGE_TARNAME "tinymux"
| #define PACKAGE_VERSION "2.10"
| #define PACKAGE_STRING "TinyMUX 2.10"
| #define PACKAGE_BUGREPORT "tinymux@googlegroups.com"
| #define PACKAGE_URL ""
| /* end confdefs.h.  */
| #include <ac_nonexistent.h>
configure:3561: checking build system type
configure:3575: result: x86_64-pc-linux-gnu
configure:3595: checking host system type
configure:3608: result: x86_64-pc-linux-gnu
configure:3630: checking for grep that handles long lines and -e
configure:3688: result: /bin/grep
configure:3693: checking for egrep
configure:3755: result: /bin/grep -E
configure:3760: checking for ANSI C header files
configure:3780: gcc -c -g -O2  conftest.c >&5
configure:3780: $? = 0
configure:3853: gcc -o conftest -g -O2   conftest.c  >&5
configure:3853: $? = 0
configure:3853: ./conftest
configure:3853: $? = 0
configure:3864: result: yes
configure:3877: checking for sys/types.h
configure:3877: gcc -c -g -O2  conftest.c >&5
configure:3877: $? = 0
configure:3877: result: yes
configure:3877: checking for sys/stat.h
configure:3877: gcc -c -g -O2  conftest.c >&5
configure:3877: $? = 0
configure:3877: result: yes
configure:3877: checking for stdlib.h
configure:3877: gcc -c -g -O2  conftest.c >&5
configure:3877: $? = 0
configure:3877: result: yes
configure:3877: checking for string.h
configure:3877: gcc -c -g -O2  conftest.c >&5
configure:3877: $? = 0
configure:3877: result: yes
configure:3877: checking for memory.h
configure:3877: gcc -c -g -O2  conftest.c >&5
configure:3877: $? = 0
configure:3877: result: yes
configure:3877: checking for strings.h
configure:3877: gcc -c -g -O2  conftest.c >&5
configure:3877: $? = 0
configure:3877: result: yes
configure:3877: checking for inttypes.h
configure:3877: gcc -c -g -O2  conftest.c >&5
configure:3877: $? = 0
configure:3877: result: yes
configure:3877: checking for stdint.h
configure:3877: gcc -c -g -O2  conftest.c >&5
configure:3877: $? = 0
configure:3877: result: yes
configure:3877: checking for unistd.h
configure:3877: gcc -c -g -O2  conftest.c >&5
configure:3877: $? = 0
configure:3877: result: yes
configure:3890: checking minix/config.h usability
configure:3890: gcc -c -g -O2  conftest.c >&5
conftest.c:52:26: fatal error: minix/config.h: No such file or directory
 #include <minix/config.h>
                          ^
compilation terminated.
configure:3890: $? = 1
configure: failed program was:
| /* confdefs.h */
| #define PACKAGE_NAME "TinyMUX"
| #define PACKAGE_TARNAME "tinymux"
| #define PACKAGE_VERSION "2.10"
| #define PACKAGE_STRING "TinyMUX 2.10"
| #define PACKAGE_BUGREPORT "tinymux@googlegroups.com"
| #define PACKAGE_URL ""
| #define STDC_HEADERS 1
| #define HAVE_SYS_TYPES_H 1
| #define HAVE_SYS_STAT_H 1
| #define HAVE_STDLIB_H 1
| #define HAVE_STRING_H 1
| #define HAVE_MEMORY_H 1
| #define HAVE_STRINGS_H 1
| #define HAVE_INTTYPES_H 1
| #define HAVE_STDINT_H 1
| #define HAVE_UNISTD_H 1
| /* end confdefs.h.  */
| #include <stdio.h>
| #ifdef HAVE_SYS_TYPES_H
| # include <sys/types.h>
| #endif
| #ifdef HAVE_SYS_STAT_H
| # include <sys/stat.h>
| #endif
| #ifdef STDC_HEADERS
| # include <stdlib.h>
| # include <stddef.h>
| #else
| # ifdef HAVE_STDLIB_H
| #  include <stdlib.h>
| # endif
| #endif
| #ifdef HAVE_STRING_H
| # if !defined STDC_HEADERS && defined HAVE_MEMORY_H
| #  include <memory.h>
| # endif
| # include <string.h>
| #endif
| #ifdef HAVE_STRINGS_H
| # include <strings.h>
| #endif
| #ifdef HAVE_INTTYPES_H
| # include <inttypes.h>
| #endif
| #ifdef HAVE_STDINT_H
| # include <stdint.h>
| #endif
| #ifdef HAVE_UNISTD_H
| # include <unistd.h>
| #endif
| #include <minix/config.h>
configure:3890: result: no
configure:3890: checking minix/config.h presence
configure:3890: gcc -E  conftest.c
conftest.c:19:26: fatal error: minix/config.h: No such file or directory
 #include <minix/config.h>
                          ^
compilation terminated.
configure:3890: $? = 1
configure: failed program was:
| /* confdefs.h */
| #define PACKAGE_NAME "TinyMUX"
| #define PACKAGE_TARNAME "tinymux"
| #define PACKAGE_VERSION "2.10"
| #define PACKAGE_STRING "TinyMUX 2.10"
| #define PACKAGE_BUGREPORT "tinymux@googlegroups.com"
| #define PACKAGE_URL ""
| #define STDC_HEADERS 1
| #define HAVE_SYS_TYPES_H 1
| #define HAVE_SYS_STAT_H 1
| #define HAVE_STDLIB_H 1
| #define HAVE_STRING_H 1
| #define HAVE_MEMORY_H 1
| #define HAVE_STRINGS_H 1
| #define HAVE_INTTYPES_H 1
| #define HAVE_STDINT_H 1
| #define HAVE_UNISTD_H 1
| /* end confdefs.h.  */
| #include <minix/config.h>
configure:3890: result: no
configure:3890: checking for minix/config.h
configure:3890: result: no
configure:3911: checking whether it is safe to define __EXTENSIONS__
configure:3929: gcc -c -g -O2  conftest.c >&5
configure:3929: $? = 0
configure:3936: result: yes
configure:3955: checking for library containing strerror
configure:3986: gcc -o conftest -g -O2   conftest.c  >&5
configure:3986: $? = 0
configure:4003: result: none required
configure:4011: checking for library containing sqrt
configure:4042: gcc -o conftest -g -O2   conftest.c  >&5
conftest.c:31:6: warning: conflicting types for built-in function 'sqrt'
 char sqrt ();
      ^~~~
/tmp/cc1sMJAK.o: In function `main':
/home/kerapis/MUDs/kult/src/modules/conftest.c:35: undefined reference to `sqrt'
collect2: error: ld returned 1 exit status
configure:4042: $? = 1
configure: failed program was:
| /* confdefs.h */
| #define PACKAGE_NAME "TinyMUX"
| #define PACKAGE_TARNAME "tinymux"
| #define PACKAGE_VERSION "2.10"
| #define PACKAGE_STRING "TinyMUX 2.10"
| #define PACKAGE_BUGREPORT "tinymux@googlegroups.com"
| #define PACKAGE_URL ""
| #define STDC_HEADERS 1
| #define HAVE_SYS_TYPES_H 1
| #define HAVE_SYS_STAT_H 1
| #define HAVE_STDLIB_H 1
| #define HAVE_STRING_H 1
| #define HAVE_MEMORY_H 1
| #define HAVE_STRINGS_H 1
| #define HAVE_INTTYPES_H 1
| #define HAVE_STDINT_H 1
| #define HAVE_UNISTD_H 1
| #define __EXTENSIONS__ 1
| #define _ALL_SOURCE 1
| #define _GNU_SOURCE 1
| #define _POSIX_PTHREAD_SEMANTICS 1
| #define _TANDEM_SOURCE 1
| /* end confdefs.h.  */
| 
| /* Override any GCC internal prototype to avoid an error.
|    Use char because int might match the return type of a GCC
|    builtin and then its argument prototype would still apply.  */
| #ifdef __cplusplus
| extern "C"
| #endif
| char sqrt ();
| int
| main ()
| {
| return sqrt ();
|   ;
|   return 0;
| }
configure:4042: gcc -o conftest -g -O2   conftest.c -lm   >&5
conftest.c:31:6: warning: conflicting types for built-in function 'sqrt'
 char sqrt ();
      ^~~~
configure:4042: $? = 0
configure:4059: result: -lm
configure:4071: checking for main in -lmysqlclient
configure:4090: gcc -o conftest -g -O2    conftest.c -lmysqlclient  -lm  >&5
/usr/bin/ld: cannot find -lmysqlclient
collect2: error: ld returned 1 exit status
configure:4090: $? = 1
configure: failed program was:
| /* confdefs.h */
| #define PACKAGE_NAME "TinyMUX"
| #define PACKAGE_TARNAME "tinymux"
| #define PACKAGE_VERSION "2.10"
| #define PACKAGE_STRING "TinyMUX 2.10"
| #define PACKAGE_BUGREPORT "tinymux@googlegroups.com"
| #define PACKAGE_URL ""
| #define STDC_HEADERS 1
| #define HAVE_SYS_TYPES_H 1
| #define HAVE_SYS_STAT_H 1
| #define HAVE_STDLIB_H 1
| #define HAVE_STRING_H 1
| #define HAVE_MEMORY_H 1
| #define HAVE_STRINGS_H 1
| #define HAVE_INTTYPES_H 1
| #define HAVE_STDINT_H 1
| #define HAVE_UNISTD_H 1
| #define __EXTENSIONS__ 1
| #define _ALL_SOURCE 1
| #define _GNU_SOURCE 1
| #define _POSIX_PTHREAD_SEMANTICS 1
| #define _TANDEM_SOURCE 1
| /* end confdefs.h.  */
| 
| 
| int
| main ()
| {
| return main ();
|   ;
|   return 0;
| }
configure:4099: result: no
configure:4118: checking for dlopen
configure:4120: checking for library containing dlopen
configure:4151: gcc -o conftest -g -O2   conftest.c -lm  >&5
/tmp/ccZnJCI6.o: In function `main':
/home/kerapis/MUDs/kult/src/modules/conftest.c:35: undefined reference to `dlopen'
collect2: error: ld returned 1 exit status
configure:4151: $? = 1
configure: failed program was:
| /* confdefs.h */
| #define PACKAGE_NAME "TinyMUX"
| #define PACKAGE_TARNAME "tinymux"
| #define PACKAGE_VERSION "2.10"
| #define PACKAGE_STRING "TinyMUX 2.10"
| #define PACKAGE_BUGREPORT "tinymux@googlegroups.com"
| #define PACKAGE_URL ""
| #define STDC_HEADERS 1
| #define HAVE_SYS_TYPES_H 1
| #define HAVE_SYS_STAT_H 1
| #define HAVE_STDLIB_H 1
| #define HAVE_STRING_H 1
| #define HAVE_MEMORY_H 1
| #define HAVE_STRINGS_H 1
| #define HAVE_INTTYPES_H 1
| #define HAVE_STDINT_H 1
| #define HAVE_UNISTD_H 1
| #define __EXTENSIONS__ 1
| #define _ALL_SOURCE 1
| #define _GNU_SOURCE 1
| #define _POSIX_PTHREAD_SEMANTICS 1
| #define _TANDEM_SOURCE 1
| /* end confdefs.h.  */
| 
| /* Override any GCC internal prototype to avoid an error.
|    Use char because int might match the return type of a GCC
|    builtin and then its argument prototype would still apply.  */
| #ifdef __cplusplus
| extern "C"
| #endif
| char dlopen ();
| int
| main ()
| {
| return dlopen ();
|   ;
|   return 0;
| }
configure:4151: gcc -o conftest -g -O2   conftest.c -ldl  -lm  >&5
configure:4151: $? = 0
configure:4168: result: -ldl
configure:4194: gcc -o conftest -g -O2   conftest.c -ldl -lm  >&5
configure:4194: $? = 0
configure:4222: checking for dirent.h that defines DIR
configure:4241: gcc -c -g -O2  conftest.c >&5
configure:4241: $? = 0
configure:4249: result: yes
configure:4262: checking for library containing opendir
configure:4293: gcc -o conftest -g -O2   conftest.c -ldl -lm  >&5
configure:4293: $? = 0
configure:4310: result: none required
configure:4377: checking for ANSI C header files
configure:4481: result: yes
configure:4489: checking whether time.h and sys/time.h may both be included
configure:4509: gcc -c -g -O2  conftest.c >&5
configure:4509: $? = 0
configure:4516: result: yes
configure:4537: gcc -c -g -O2   conftest.c >&5
conftest.c:28:19: fatal error: mysql.h: No such file or directory
 #include <mysql.h>
                   ^
compilation terminated.
configure:4537: $? = 1
configure: failed program was:
| /* confdefs.h */
| #define PACKAGE_NAME "TinyMUX"
| #define PACKAGE_TARNAME "tinymux"
| #define PACKAGE_VERSION "2.10"
| #define PACKAGE_STRING "TinyMUX 2.10"
| #define PACKAGE_BUGREPORT "tinymux@googlegroups.com"
| #define PACKAGE_URL ""
| #define STDC_HEADERS 1
| #define HAVE_SYS_TYPES_H 1
| #define HAVE_SYS_STAT_H 1
| #define HAVE_STDLIB_H 1
| #define HAVE_STRING_H 1
| #define HAVE_MEMORY_H 1
| #define HAVE_STRINGS_H 1
| #define HAVE_INTTYPES_H 1
| #define HAVE_STDINT_H 1
| #define HAVE_UNISTD_H 1
| #define __EXTENSIONS__ 1
| #define _ALL_SOURCE 1
| #define _GNU_SOURCE 1
| #define _POSIX_PTHREAD_SEMANTICS 1
| #define _TANDEM_SOURCE 1
| #define HAVE_DLOPEN /**/
| #define HAVE_DIRENT_H 1
| #define STDC_HEADERS 1
| #define TIME_WITH_SYS_TIME 1
| /* end confdefs.h.  */
| #include <mysql.h>
| int
| main ()
| {
| int x = 1;
|   ;
|   return 0;
| }
configure:4661: creating ./config.status

## ---------------------- ##
## Running config.status. ##
## ---------------------- ##

This file was extended by TinyMUX config.status 2.10, which was
generated by GNU Autoconf 2.69.  Invocation command line was

  CONFIG_FILES    = 
  CONFIG_HEADERS  = 
  CONFIG_LINKS    = 
  CONFIG_COMMANDS = 
  $ ./config.status 

on ThinkCentre

config.status:825: creating Makefile
config.status:825: creating autoconf.h
config.status:995: autoconf.h is unchanged

## ---------------- ##
## Cache variables. ##
## ---------------- ##

ac_cv_build=x86_64-pc-linux-gnu
ac_cv_c_compiler_gnu=yes
ac_cv_cxx_compiler_gnu=yes
ac_cv_env_CCC_set=
ac_cv_env_CCC_value=
ac_cv_env_CC_set=
ac_cv_env_CC_value=
ac_cv_env_CFLAGS_set=
ac_cv_env_CFLAGS_value=
ac_cv_env_CPPFLAGS_set=
ac_cv_env_CPPFLAGS_value=
ac_cv_env_CPP_set=
ac_cv_env_CPP_value=
ac_cv_env_CXXCPP_set=
ac_cv_env_CXXCPP_value=
ac_cv_env_CXXFLAGS_set=
ac_cv_env_CXXFLAGS_value=
ac_cv_env_CXX_set=
ac_cv_env_CXX_value=
ac_cv_env_LDFLAGS_set=
ac_cv_env_LDFLAGS_value=
ac_cv_env_LIBS_set=
ac_cv_env_LIBS_value=
ac_cv_env_build_alias_set=
ac_cv_env_build_alias_value=
ac_cv_env_host_alias_set=
ac_cv_env_host_alias_value=
ac_cv_env_target_alias_set=
ac_cv_env_target_alias_value=
ac_cv_header_dirent_dirent_h=yes
ac_cv_header_inttypes_h=yes
ac_cv_header_memory_h=yes
ac_cv_header_minix_config_h=no
ac_cv_header_stdc=yes
ac_cv_header_stdint_h=yes
ac_cv_header_stdlib_h=yes
ac_cv_header_string_h=yes
ac_cv_header_strings_h=yes
ac_cv_header_sys_stat_h=yes
ac_cv_header_sys_types_h=yes
ac_cv_header_time=yes
ac_cv_header_unistd_h=yes
ac_cv_host=x86_64-pc-linux-gnu
ac_cv_lib_mysqlclient_main=no
ac_cv_objext=o
ac_cv_path_EGREP='/bin/grep -E'
ac_cv_path_GREP=/bin/grep
ac_cv_prog_CPP='gcc -E'
ac_cv_prog_CXXCPP='g++ -E'
ac_cv_prog_ac_ct_CC=gcc
ac_cv_prog_ac_ct_CXX=g++
ac_cv_prog_cc_c89=
ac_cv_prog_cc_g=yes
ac_cv_prog_cxx_g=yes
ac_cv_safe_to_define___extensions__=yes
ac_cv_search_dlopen=-ldl
ac_cv_search_opendir='none required'
ac_cv_search_sqrt=-lm
ac_cv_search_strerror='none required'

## ----------------- ##
## Output variables. ##
## ----------------- ##

CC='gcc'
CFLAGS='-g -O2'
CPP='gcc -E'
CPPFLAGS=''
CXX='g++'
CXXCPP='g++ -E'
CXXFLAGS='-g -O2'
DEFS='-DHAVE_CONFIG_H'
ECHO_C=''
ECHO_N='-n'
ECHO_T=''
EGREP='/bin/grep -E'
EXEEXT=''
GREP='/bin/grep'
LDFLAGS=''
LIBOBJS=''
LIBS='-ldl -lm '
LTLIBOBJS=''
MODULE_CPPFLAGS='-shared -fPIC -O -g'
MODULE_EXT='so'
MUX_LIBS='-lmux'
OBJEXT='o'
PACKAGE_BUGREPORT='tinymux@googlegroups.com'
PACKAGE_NAME='TinyMUX'
PACKAGE_STRING='TinyMUX 2.10'
PACKAGE_TARNAME='tinymux'
PACKAGE_URL=''
PACKAGE_VERSION='2.10'
PATH_SEPARATOR=':'
SHELL='/bin/bash'
SQL_INCLUDE=''
SQL_LIBPATH=''
SQL_LIBS=''
ac_ct_CC='gcc'
ac_ct_CXX='g++'
bindir='${exec_prefix}/bin'
build='x86_64-pc-linux-gnu'
build_alias=''
build_cpu='x86_64'
build_os='linux-gnu'
build_vendor='pc'
datadir='${datarootdir}'
datarootdir='${prefix}/share'
docdir='${datarootdir}/doc/${PACKAGE_TARNAME}'
dvidir='${docdir}'
exec_prefix='${prefix}'
host='x86_64-pc-linux-gnu'
host_alias=''
host_cpu='x86_64'
host_os='linux-gnu'
host_vendor='pc'
htmldir='${docdir}'
includedir='${prefix}/include'
infodir='${datarootdir}/info'
libdir='${exec_prefix}/lib'
libexecdir='${exec_prefix}/libexec'
localedir='${datarootdir}/locale'
localstatedir='${prefix}/var'
mandir='${datarootdir}/man'
oldincludedir='/usr/include'
pdfdir='${docdir}'
prefix='/usr/local'
program_transform_name='s,x,x,'
psdir='${docdir}'
runstatedir='${localstatedir}/run'
sbindir='${exec_prefix}/sbin'
sharedstatedir='${prefix}/com'
sysconfdir='${prefix}/etc'
target_alias=''

## ----------- ##
## confdefs.h. ##
## ----------- ##

/* confdefs.h */
#define PACKAGE_NAME "TinyMUX"
#define PACKAGE_TARNAME "tinymux"
#define PACKAGE_VERSION "2.10"
#define PACKAGE_STRING "TinyMUX 2.10"
#define PACKAGE_BUGREPORT "tinymux@googlegroups.com"
#define PACKAGE_URL ""
#define STDC_HEADERS 1
#define HAVE_SYS_TYPES_H 1
#define HAVE_SYS_STAT_H 1
#define HAVE_STDLIB_H 1
#define HAVE_STRING_H 1
#define HAVE_MEMORY_H 1
#define HAVE_STRINGS_H 1
#define HAVE_INTTYPES_H 1
#define HAVE_STDINT_H 1
#define HAVE_UNISTD_H 1
#define __EXTENSIONS__ 1
#define _ALL_SOURCE 1
#define _GNU_SOURCE 1
#define _POSIX_PTHREAD_SEMANTICS 1
#define _TANDEM_SOURCE 1
#define HAVE_DLOPEN /**/
#define HAVE_DIRENT_H 1
#define STDC_HEADERS 1
#define TIME_WITH_SYS_TIME 1

configure: exit 0
